
build:
     [echo] Apache Ant(TM) version 1.10.12 compiled on October 13 2021

createNewBuildNumber:

createBuildNumber:
[propertyfile] Updating property file: C:\SoftwareAG1011Designer\common\AssetBuildEnvironment\master_build\build.number

createOutputDir:
     [echo] The directory C:/SoftwareAG1011Designer/build/test/output already exists.
     [echo] Started Integration Server Build.............

buildIS:

validate:

build:

iterate_multi_project_folders:

build_projects:

generate-composites:
     [java] Nov 12, 2024 1:15:46 AM com.webmethods.sc.security.passman.impl.masterpw.FileMasterPassword loadObjects
     [java] WARNING: loadObjects(C:\SoftwareAG1011Designer\build\test\source\config\empw.dat) threw this: type(com.webmethods.sc.security.passman.masterpw.MasterPasswordException), msg(Retrieved null/empty master file: C:\SoftwareAG1011Designer\build\test\source\config\empw.dat)
     [java] Nov 12, 2024 1:15:46 AM com.webmethods.sc.security.passman.impl.masterpw.FileMasterPassword loadObjects
     [java] WARNING: loadObjects(C:\SoftwareAG1011Designer\build\test\source\config\empw.dat.bak) threw this: type(com.webmethods.sc.security.passman.masterpw.MasterPasswordException), msg(Retrieved null/empty master file: C:\SoftwareAG1011Designer\build\test\source\config\empw.dat.bak)
     [java] [12/11/24, 1:15 AM][MESSAGE] ispackage.ispackage: Starting to read packages config,replicate. 
     [java] [12/11/24, 1:15 AM][MESSAGE] ispackage.ispackage: Starting to read package [config]. 
     [java] [12/11/24, 1:15 AM][MESSAGE] ispackage.ispackage: [config] is not an Integration Server package. 
     [java] [12/11/24, 1:15 AM][MESSAGE] ispackage.ispackage: Starting to read package [replicate]. 
     [java] [12/11/24, 1:15 AM][MESSAGE] ispackage.ispackage: [replicate] is not an Integration Server package. 
     [java] [12/11/24, 1:15 AM][MESSAGE] ispackage.ispackage: Completed all packages. 
     [java] [12/11/24, 1:15 AM][MESSAGE] isproperty.isproperty: Cannot find configuration files for asset isproperty. As a result, Integration Server cannot extract the assets. 
     [java] [12/11/24, 1:15 AM][SUCCESS] isgroup.isgroup: Successfully extracted 5 isgroup. 
     [java] [12/11/24, 1:15 AM][MESSAGE] isacl.isacl: No assets found for asset isacl. 
     [java] [12/11/24, 1:15 AM][SUCCESS] isuser.isuser: Successfully extracted 2 isuser. 
     [java] [12/11/24, 1:15 AM][MESSAGE] istask.istask: Cannot find configuration files for asset istask. As a result, Integration Server cannot extract the assets. 
     [java] [12/11/24, 1:15 AM][MESSAGE] isport.isport: No assets found for asset isport. 
     [java] [12/11/24, 1:15 AM][MESSAGE] isjndialias.isjndialias: Cannot find configuration files for asset isjndialias. As a result, Integration Server cannot extract the assets. 
     [java] [12/11/24, 1:15 AM][MESSAGE] isjmsalias.isjmsalias: Cannot find configuration files for asset isjmsalias. As a result, Integration Server cannot extract the assets. 
     [java] [12/11/24, 1:15 AM][MESSAGE] isremoteserveralias.isremoteserveralias: Cannot find configuration files for asset isremoteserveralias. As a result, Integration Server cannot extract the assets. 
     [java] [12/11/24, 1:15 AM][MESSAGE] isjdbcdriveralias.isjdbcdriveralias: Cannot find configuration files for asset isjdbcdriveralias. As a result, Integration Server cannot extract the assets. 
     [java] [12/11/24, 1:15 AM][MESSAGE] isjdbcpoolalias.isjdbcpoolalias: Cannot find configuration files for asset isjdbcpoolalias. As a result, Integration Server cannot extract the assets. 
     [java] [12/11/24, 1:15 AM][MESSAGE] isjdbcfunctionalalias.isjdbcfunctionalalias: Cannot find configuration files for asset isjdbcfunctionalalias. As a result, Integration Server cannot extract the assets. 
     [java] [12/11/24, 1:15 AM][MESSAGE] iskeystorealias.iskeystorealias: Cannot find configuration files for asset iskeystorealias. As a result, Integration Server cannot extract the assets. 
     [java] [12/11/24, 1:15 AM][MESSAGE] istruststorealias.istruststorealias: Cannot find configuration files for asset istruststorealias. As a result, Integration Server cannot extract the assets. 
     [java] [12/11/24, 1:15 AM][MESSAGE] issamlissuer.issamlissuer: Cannot find configuration files for asset issamlissuer. As a result, Integration Server cannot extract the assets. 
     [java] [12/11/24, 1:15 AM][MESSAGE] isbrokersettings.isbrokersettings: Cannot find configuration files for asset isbrokersettings. As a result, Integration Server cannot extract the assets. 
     [java] [12/11/24, 1:15 AM][MESSAGE] ismetadata.ismetadata: Cannot find configuration files for asset ismetadata. As a result, Integration Server cannot extract the assets. 
     [java] [12/11/24, 1:15 AM][MESSAGE] iswebserviceendpointalias.iswebserviceendpointalias: Cannot find configuration files for asset iswebserviceendpointalias. As a result, Integration Server cannot extract the assets. 
     [java] [12/11/24, 1:15 AM][MESSAGE] isurlalias.isurlalias: No assets found for asset isurlalias. 
     [java] [12/11/24, 1:15 AM][MESSAGE] iscertificatesettings.iscertificatesettings: Cannot find configuration files for asset iscertificatesettings. As a result, Integration Server cannot extract the assets. 
     [java] [12/11/24, 1:15 AM][MESSAGE] isproxyserveralias.isproxyserveralias: Cannot find configuration files for asset isproxyserveralias. As a result, Integration Server cannot extract the assets. 
     [java] [12/11/24, 1:15 AM][MESSAGE] isproxyserverbypass.isproxyserverbypass: Cannot find configuration files for asset isproxyserverbypass. As a result, Integration Server cannot extract the assets. 
     [java] [12/11/24, 1:15 AM][MESSAGE] isldapdirectory.isldapdirectory: No assets found for asset isldapdirectory. 
     [java] [12/11/24, 1:15 AM][MESSAGE] isclientcerts.isclientcerts: Cannot find configuration files for asset isclientcerts. As a result, Integration Server cannot extract the assets. 
     [java] [12/11/24, 1:15 AM][MESSAGE] iswspolicy.iswspolicy: Cannot find configuration files for asset iswspolicy. As a result, Integration Server cannot extract the assets. 
     [java] [12/11/24, 1:15 AM][MESSAGE] iscachemanager.iscachemanager: Cannot find configuration files for asset iscachemanager. As a result, Integration Server cannot extract the assets. 
     [java] [12/11/24, 1:15 AM][MESSAGE] isparsing.isparsing: Cannot find configuration files for asset isparsing. As a result, Integration Server cannot extract the assets. 
     [java] [12/11/24, 1:15 AM][MESSAGE] isglobalvariable.isglobalvariable: Cannot find configuration files for asset isglobalvariable. As a result, Integration Server cannot extract the assets. 
     [java] [12/11/24, 1:15 AM][MESSAGE] issftpserveralias.issftpserveralias: Cannot find configuration files for asset issftpserveralias. As a result, Integration Server cannot extract the assets. 
     [java] [12/11/24, 1:15 AM][MESSAGE] issftpuseralias.issftpuseralias: Cannot find configuration files for asset issftpuseralias. As a result, Integration Server cannot extract the assets. 
     [java] [12/11/24, 1:15 AM][MESSAGE] iscsrfguardconfig.iscsrfguardconfig: Cannot find configuration files for asset iscsrfguardconfig. As a result, Integration Server cannot extract the assets. 
     [java] [12/11/24, 1:15 AM][MESSAGE] isenterprisegatewayrules.isenterprisegatewayrules: Cannot find configuration files for asset isenterprisegatewayrules. As a result, Integration Server cannot extract the assets. 
     [java] [12/11/24, 1:15 AM][MESSAGE] isquiescesettings.isquiescesettings: Cannot find configuration files for asset isquiescesettings. As a result, Integration Server cannot extract the assets. 
     [java] [12/11/24, 1:15 AM][MESSAGE] isreliablemessaging.isreliablemessaging: Cannot find configuration files for asset isreliablemessaging. As a result, Integration Server cannot extract the assets. 
     [java] [12/11/24, 1:15 AM][MESSAGE] isfileaccesscontrol.isfileaccesscontrol: Cannot find configuration files for asset isfileaccesscontrol. As a result, Integration Server cannot extract the assets. 
     [java] [12/11/24, 1:15 AM][MESSAGE] iskerberosconfig.iskerberosconfig: Cannot find configuration files for asset iskerberosconfig. As a result, Integration Server cannot extract the assets. 
     [java] [12/11/24, 1:15 AM][MESSAGE] isregistryalias.isregistryalias: Cannot find configuration files for asset isregistryalias. As a result, Integration Server cannot extract the assets. 
     [java] [12/11/24, 1:15 AM][MESSAGE] isjwtissercertificatemappings.isjwtissercertificatemappings: Cannot find configuration files for asset isjwtissercertificatemappings. As a result, Integration Server cannot extract the assets. 
     [java] [12/11/24, 1:15 AM][MESSAGE] isjwtissuerskewmappings.isjwtissuerskewmappings: Cannot find configuration files for asset isjwtissuerskewmappings. As a result, Integration Server cannot extract the assets. 
     [java] [12/11/24, 1:15 AM][MESSAGE] isjwttrustedissuers.isjwttrustedissuers: Cannot find configuration files for asset isjwttrustedissuers. As a result, Integration Server cannot extract the assets. 
     [java] [12/11/24, 1:15 AM][MESSAGE] isjwtglobalclaimsettings.isjwtglobalclaimsettings: Cannot find configuration files for asset isjwtglobalclaimsettings. As a result, Integration Server cannot extract the assets. 
     [java] [12/11/24, 1:15 AM][MESSAGE] ispasswordexpirationsettings.ispasswordexpirationsettings: Cannot find configuration files for asset ispasswordexpirationsettings. As a result, Integration Server cannot extract the assets. 
     [java] [12/11/24, 1:15 AM][MESSAGE] isaccountlockingsettings.isaccountlockingsettings: Cannot find configuration files for asset isaccountlockingsettings. As a result, Integration Server cannot extract the assets. 
     [java] [12/11/24, 1:15 AM][MESSAGE] ismqttalias.ismqttalias: No assets found for asset ismqttalias. 
     [java] [12/11/24, 1:15 AM][MESSAGE] isumalias.isumalias: Cannot find configuration files for asset isumalias. As a result, Integration Server cannot extract the assets. 
     [java] [12/11/24, 1:15 AM][MESSAGE] isemailnotification.isemailnotification: Cannot find configuration files for asset isemailnotification. As a result, Integration Server cannot extract the assets. 
     [java] [12/11/24, 1:15 AM][MESSAGE] isstatsdatacollectorconfig.isstatsdatacollectorconfig: Cannot find configuration files for asset isstatsdatacollectorconfig. As a result, Integration Server cannot extract the assets. 
     [java] [12/11/24, 1:15 AM][MESSAGE] iscloudstreamsadmindatabaseconfig.iscloudstreamsadmindatabaseconfig: No assets found for asset iscloudstreamsadmindatabaseconfig. 
     [java] [12/11/24, 1:15 AM][MESSAGE] iscloudstreamslargefileconfig.iscloudstreamslargefileconfig: No assets found for asset iscloudstreamslargefileconfig. 
     [java] [12/11/24, 1:15 AM][MESSAGE] iscloudstreamsoauthtokens.iscloudstreamsoauthtokens: Cannot find configuration files for asset iscloudstreamsoauthtokens. As a result, Integration Server cannot extract the assets. 
     [java] [12/11/24, 1:15 AM][MESSAGE] iscloudstreamsstreamingproviders.iscloudstreamsstreamingproviders: Cannot find configuration files for asset iscloudstreamsstreamingproviders. As a result, Integration Server cannot extract the assets. 
     [java] [12/11/24, 1:15 AM][MESSAGE] iscloudstreamsstreamingsubscribers.iscloudstreamsstreamingsubscribers: Cannot find configuration files for asset iscloudstreamsstreamingsubscribers. As a result, Integration Server cannot extract the assets. 
     [java] [12/11/24, 1:15 AM][MESSAGE] iswmcloudsettings.iswmcloudsettings: Cannot find configuration files for asset iswmcloudsettings. As a result, Integration Server cannot extract the assets. 
     [java] [12/11/24, 1:15 AM][MESSAGE] iswmcloudaccount.iswmcloudaccount: Cannot find configuration files for asset iswmcloudaccount. As a result, Integration Server cannot extract the assets. 
     [java] [12/11/24, 1:15 AM][MESSAGE] iswmcloudapplication.iswmcloudapplication: Cannot find configuration files for asset iswmcloudapplication. As a result, Integration Server cannot extract the assets. 
     [java] [12/11/24, 1:15 AM][MESSAGE] ispackage.ispackage: Cannot find configuration files for asset ispackage. As a result, Integration Server cannot extract the assets. 

iterate_single_project_folders:

build_project:

generate-composites:
     [java] [12/11/24, 1:15 AM][MESSAGE] ispackage.ispackage: Starting to read packages source. 
     [java] [12/11/24, 1:15 AM][MESSAGE] ispackage.ispackage: Starting to read package [source]. 
     [java] [12/11/24, 1:15 AM][MESSAGE] ispackage.ispackage: [source] is not an Integration Server package. 
     [java] [12/11/24, 1:15 AM][MESSAGE] ispackage.ispackage: Completed all packages. 
     [echo] Integration Server Build complete...........

check-build.prop-loc:

createIndex:
[createIndex] RepoIndexer is processing composite isconfiguration from composite file C:\SoftwareAG1011Designer\build\test\output\IS\isconfiguration.acdl

BUILD SUCCESSFUL
