[DEBUG] [05 Nov 2024 00:23:24,749] (ParseDeployerParams.java:parse:74)
[Deployer] Entering parse(String[] args) Method

[ INFO] [05 Nov 2024 00:23:24,765] (ParseDeployerParams.java:parse:138)
[[DEP.0100.5.56] Operation] [DEP.0100.5.02] About

[DEBUG] [05 Nov 2024 00:23:24,765] (ParseDeployerParams.java:validateCommandLineParametersForAction:2575)
[Deployer] Entering validateCommandLineParametersForAction(Args arg,	CommandLineParser parser)

[DEBUG] [05 Nov 2024 00:23:24,765] (ParseDeployerParams.java:validateCommandLineParametersForAction:2601)
[Deployer]Config file specified

[DEBUG] [05 Nov 2024 00:23:24,765] (ParseDeployerParams.java:validateCommandLineParametersForAction:2659)
[Deployer][ConfigFileParam] Key = port Value=5557  

[DEBUG] [05 Nov 2024 00:23:24,765] (ParseDeployerParams.java:validateCommandLineParametersForAction:2651)
[Deployer][ConfigFileParam] Key = host Value=localhost  

[DEBUG] [05 Nov 2024 00:23:24,765] (ParseDeployerParams.java:validateCommandLineParametersForAction:2627)
[Deployer][ConfigFileParam] Key = pwd.Password is present but not shown.

[ INFO] [05 Nov 2024 00:23:25,770] (KeyObfuscator.java:decryptAndUnobfuscate:162)
Successfully retrieved the key from the given obfuscated file.

[ INFO] [05 Nov 2024 00:23:25,786] (KeyObfuscator.java:decryptAndUnobfuscate:162)
Successfully retrieved the key from the given obfuscated file.

[ INFO] [05 Nov 2024 00:23:25,817] (KeyObfuscator.java:decryptAndUnobfuscate:162)
Successfully retrieved the key from the given obfuscated file.

[ INFO] [05 Nov 2024 00:23:25,817] (KeyObfuscator.java:decryptAndUnobfuscate:162)
Successfully retrieved the key from the given obfuscated file.

[DEBUG] [05 Nov 2024 00:23:25,833] (ParseDeployerParams.java:validateCommandLineParametersForAction:2619)
[Deployer][ConfigFileParam] Key = user Value=Administrator  

[DEBUG] [05 Nov 2024 00:23:25,833] (ParseDeployerParams.java:validateCommandLineParametersForAction:2886)
[Deployer] [Param Authentication] 

[DEBUG] [05 Nov 2024 00:23:25,833] (ParseDeployerParams.java:validateCommandLineParametersForAction:2889)
[Deployer] [Config File Parameters]isUserSpecifiedinConfigFile = true

[DEBUG] [05 Nov 2024 00:23:25,833] (ParseDeployerParams.java:validateCommandLineParametersForAction:2892)
[Deployer] [Config File Parameters]isPasswordSpecifiedinConfigFile = true

[DEBUG] [05 Nov 2024 00:23:25,845] (ParseDeployerParams.java:validateCommandLineParametersForAction:2894)
[Deployer] Operation invoked by User Administrator   on Deployer localhost:5557  

[DEBUG] [05 Nov 2024 00:23:25,845] (ParseDeployerParams.java:printParamMap:5183)
[Deployer][ParamMap] Key = port Value = 5557  

[DEBUG] [05 Nov 2024 00:23:25,845] (ParseDeployerParams.java:printParamMap:5183)
[Deployer][ParamMap] Key = host Value = localhost  

[DEBUG] [05 Nov 2024 00:23:25,845] (ParseDeployerParams.java:printParamMap:5183)
[Deployer][ParamMap] Key = action Value = list

[DEBUG] [05 Nov 2024 00:23:25,849] (ParseDeployerParams.java:printParamMap:5180)
[Deployer][ParamMap] Key = pwd.Value present but not shown.

[DEBUG] [05 Nov 2024 00:23:25,849] (ParseDeployerParams.java:printParamMap:5183)
[Deployer][ParamMap] Key = user Value = Administrator  

[DEBUG] [05 Nov 2024 00:23:25,849] (DeployerServiceUtils.java:printAbout:50)
[Deployer] Entering printAbout(HashMap paramMap) Method

[DEBUG] [05 Nov 2024 00:23:25,849] (DeployerServiceUtils.java:printAbout:58)
[Deployer] Invoking Service wm.server.packages.adminui.packageInfo on Deployer localhost:5557  

[DEBUG] [05 Nov 2024 00:23:25,849] (DeployerServiceUtils.java:printAbout:63)
[Deployer] Service invoked by User Administrator  

[DEBUG] [05 Nov 2024 00:23:25,849] (DeployerServiceUtils.java:printAbout:65)
[Deployer] Parameters to the service 

[DEBUG] [05 Nov 2024 00:23:25,849] (DeployerServiceUtils.java:printAbout:66)
[Deployer] 	 package = WmDeployer

[DEBUG] [05 Nov 2024 00:23:25,849] (DeployerServiceUtils.java:executeService:1484)
[Deployer] Entering executeService(String server, String user, String pwd, String packageStr, String service,IData inputDocument) Method

[DEBUG] [05 Nov 2024 00:23:25,880] (DeployerServiceUtils.java:executeService:1535)
[Deployer] Initiating connection Secure Socket Layer = false

[FATAL] [05 Nov 2024 00:23:25,911] (DeployerServiceUtils.java:printAbout:123)
[Deployer Exception] Connection refused: connect

[DEBUG] [05 Nov 2024 00:23:25,911] (DeployerServiceUtils.java:printAbout:127)
[Deployer Service Status] Service returned with status error

[DEBUG] [05 Nov 2024 00:23:25,911] (DeployerServiceUtils.java:printAbout:128)
[Deployer Service Error Dump]

[DEBUG] [05 Nov 2024 00:23:25,911] (DeployerServiceUtils.java:printAbout:129)
null

[ INFO] [05 Nov 2024 00:23:25,911] (ParseDeployerParams.java:parse:159)
[[DEP.0100.4.01] Error -999][DEP.0100.-999] Service Error Connection refused: connect

[DEBUG] [05 Nov 2024 00:23:25,911] (ParseDeployerParams.java:addStatusRecordToReport:5157)
[Deployer] Entering addStatusRecordToReport(int errorCode, String message, boolean isUsageRecord) Method

[DEBUG] [05 Nov 2024 00:23:25,911] (ParseDeployerParams.java:addStatusRecordToReport:5168)
[Deployer] Exiting addStatusRecordToReport(int errorCode, String message, boolean isUsageRecord) Method

[DEBUG] [05 Nov 2024 00:26:02,732] (ParseDeployerParams.java:parse:74)
[Deployer] Entering parse(String[] args) Method

[ INFO] [05 Nov 2024 00:26:02,732] (ParseDeployerParams.java:parse:138)
[[DEP.0100.5.56] Operation] [DEP.0100.5.02] About

[DEBUG] [05 Nov 2024 00:26:02,732] (ParseDeployerParams.java:validateCommandLineParametersForAction:2575)
[Deployer] Entering validateCommandLineParametersForAction(Args arg,	CommandLineParser parser)

[DEBUG] [05 Nov 2024 00:26:02,732] (ParseDeployerParams.java:validateCommandLineParametersForAction:2601)
[Deployer]Config file specified

[DEBUG] [05 Nov 2024 00:26:02,747] (ParseDeployerParams.java:validateCommandLineParametersForAction:2659)
[Deployer][ConfigFileParam] Key = port Value=5557  

[DEBUG] [05 Nov 2024 00:26:02,747] (ParseDeployerParams.java:validateCommandLineParametersForAction:2651)
[Deployer][ConfigFileParam] Key = host Value=localhost  

[DEBUG] [05 Nov 2024 00:26:02,747] (ParseDeployerParams.java:validateCommandLineParametersForAction:2627)
[Deployer][ConfigFileParam] Key = pwd.Password is present but not shown.

[ INFO] [05 Nov 2024 00:26:03,489] (KeyObfuscator.java:decryptAndUnobfuscate:162)
Successfully retrieved the key from the given obfuscated file.

[ INFO] [05 Nov 2024 00:26:03,505] (KeyObfuscator.java:decryptAndUnobfuscate:162)
Successfully retrieved the key from the given obfuscated file.

[DEBUG] [05 Nov 2024 00:26:03,521] (ParseDeployerParams.java:validateCommandLineParametersForAction:2619)
[Deployer][ConfigFileParam] Key = user Value=Administrator  

[DEBUG] [05 Nov 2024 00:26:03,521] (ParseDeployerParams.java:validateCommandLineParametersForAction:2886)
[Deployer] [Param Authentication] 

[DEBUG] [05 Nov 2024 00:26:03,521] (ParseDeployerParams.java:validateCommandLineParametersForAction:2889)
[Deployer] [Config File Parameters]isUserSpecifiedinConfigFile = true

[DEBUG] [05 Nov 2024 00:26:03,521] (ParseDeployerParams.java:validateCommandLineParametersForAction:2892)
[Deployer] [Config File Parameters]isPasswordSpecifiedinConfigFile = true

[DEBUG] [05 Nov 2024 00:26:03,521] (ParseDeployerParams.java:validateCommandLineParametersForAction:2894)
[Deployer] Operation invoked by User Administrator   on Deployer localhost:5557  

[DEBUG] [05 Nov 2024 00:26:03,521] (ParseDeployerParams.java:printParamMap:5183)
[Deployer][ParamMap] Key = port Value = 5557  

[DEBUG] [05 Nov 2024 00:26:03,521] (ParseDeployerParams.java:printParamMap:5183)
[Deployer][ParamMap] Key = host Value = localhost  

[DEBUG] [05 Nov 2024 00:26:03,521] (ParseDeployerParams.java:printParamMap:5183)
[Deployer][ParamMap] Key = action Value = list

[DEBUG] [05 Nov 2024 00:26:03,521] (ParseDeployerParams.java:printParamMap:5180)
[Deployer][ParamMap] Key = pwd.Value present but not shown.

[DEBUG] [05 Nov 2024 00:26:03,521] (ParseDeployerParams.java:printParamMap:5183)
[Deployer][ParamMap] Key = user Value = Administrator  

[DEBUG] [05 Nov 2024 00:26:03,536] (DeployerServiceUtils.java:printAbout:50)
[Deployer] Entering printAbout(HashMap paramMap) Method

[DEBUG] [05 Nov 2024 00:26:03,536] (DeployerServiceUtils.java:printAbout:58)
[Deployer] Invoking Service wm.server.packages.adminui.packageInfo on Deployer localhost:5557  

[DEBUG] [05 Nov 2024 00:26:03,536] (DeployerServiceUtils.java:printAbout:63)
[Deployer] Service invoked by User Administrator  

[DEBUG] [05 Nov 2024 00:26:03,536] (DeployerServiceUtils.java:printAbout:65)
[Deployer] Parameters to the service 

[DEBUG] [05 Nov 2024 00:26:03,536] (DeployerServiceUtils.java:printAbout:66)
[Deployer] 	 package = WmDeployer

[DEBUG] [05 Nov 2024 00:26:03,536] (DeployerServiceUtils.java:executeService:1484)
[Deployer] Entering executeService(String server, String user, String pwd, String packageStr, String service,IData inputDocument) Method

[DEBUG] [05 Nov 2024 00:26:03,552] (DeployerServiceUtils.java:executeService:1535)
[Deployer] Initiating connection Secure Socket Layer = false

[FATAL] [05 Nov 2024 00:26:03,584] (DeployerServiceUtils.java:printAbout:123)
[Deployer Exception] Connection refused: connect

[DEBUG] [05 Nov 2024 00:26:03,584] (DeployerServiceUtils.java:printAbout:127)
[Deployer Service Status] Service returned with status error

[DEBUG] [05 Nov 2024 00:26:03,584] (DeployerServiceUtils.java:printAbout:128)
[Deployer Service Error Dump]

[DEBUG] [05 Nov 2024 00:26:03,584] (DeployerServiceUtils.java:printAbout:129)
null

[ INFO] [05 Nov 2024 00:26:03,584] (ParseDeployerParams.java:parse:159)
[[DEP.0100.4.01] Error -999][DEP.0100.-999] Service Error Connection refused: connect

[DEBUG] [05 Nov 2024 00:26:03,584] (ParseDeployerParams.java:addStatusRecordToReport:5157)
[Deployer] Entering addStatusRecordToReport(int errorCode, String message, boolean isUsageRecord) Method

[DEBUG] [05 Nov 2024 00:26:03,584] (ParseDeployerParams.java:addStatusRecordToReport:5168)
[Deployer] Exiting addStatusRecordToReport(int errorCode, String message, boolean isUsageRecord) Method

[DEBUG] [05 Nov 2024 00:26:32,144] (ParseDeployerParams.java:parse:74)
[Deployer] Entering parse(String[] args) Method

[ INFO] [05 Nov 2024 00:26:32,144] (ParseDeployerParams.java:parse:138)
[[DEP.0100.5.56] Operation] [DEP.0100.5.02] About

[DEBUG] [05 Nov 2024 00:26:32,144] (ParseDeployerParams.java:validateCommandLineParametersForAction:2575)
[Deployer] Entering validateCommandLineParametersForAction(Args arg,	CommandLineParser parser)

[DEBUG] [05 Nov 2024 00:26:32,144] (ParseDeployerParams.java:validateCommandLineParametersForAction:2601)
[Deployer]Config file specified

[DEBUG] [05 Nov 2024 00:26:32,144] (ParseDeployerParams.java:validateCommandLineParametersForAction:2659)
[Deployer][ConfigFileParam] Key = port Value=5557  

[DEBUG] [05 Nov 2024 00:26:32,144] (ParseDeployerParams.java:validateCommandLineParametersForAction:2651)
[Deployer][ConfigFileParam] Key = host Value=localhost  

[DEBUG] [05 Nov 2024 00:26:32,144] (ParseDeployerParams.java:validateCommandLineParametersForAction:2627)
[Deployer][ConfigFileParam] Key = pwd.Password is present but not shown.

[ INFO] [05 Nov 2024 00:26:32,884] (KeyObfuscator.java:decryptAndUnobfuscate:162)
Successfully retrieved the key from the given obfuscated file.

[ INFO] [05 Nov 2024 00:26:32,884] (KeyObfuscator.java:decryptAndUnobfuscate:162)
Successfully retrieved the key from the given obfuscated file.

[DEBUG] [05 Nov 2024 00:26:32,899] (ParseDeployerParams.java:validateCommandLineParametersForAction:2619)
[Deployer][ConfigFileParam] Key = user Value=Administrator  

[DEBUG] [05 Nov 2024 00:26:32,899] (ParseDeployerParams.java:validateCommandLineParametersForAction:2886)
[Deployer] [Param Authentication] 

[DEBUG] [05 Nov 2024 00:26:32,899] (ParseDeployerParams.java:validateCommandLineParametersForAction:2889)
[Deployer] [Config File Parameters]isUserSpecifiedinConfigFile = true

[DEBUG] [05 Nov 2024 00:26:32,899] (ParseDeployerParams.java:validateCommandLineParametersForAction:2892)
[Deployer] [Config File Parameters]isPasswordSpecifiedinConfigFile = true

[DEBUG] [05 Nov 2024 00:26:32,915] (ParseDeployerParams.java:validateCommandLineParametersForAction:2894)
[Deployer] Operation invoked by User Administrator   on Deployer localhost:5557  

[DEBUG] [05 Nov 2024 00:26:32,915] (ParseDeployerParams.java:printParamMap:5183)
[Deployer][ParamMap] Key = port Value = 5557  

[DEBUG] [05 Nov 2024 00:26:32,915] (ParseDeployerParams.java:printParamMap:5183)
[Deployer][ParamMap] Key = host Value = localhost  

[DEBUG] [05 Nov 2024 00:26:32,915] (ParseDeployerParams.java:printParamMap:5183)
[Deployer][ParamMap] Key = action Value = list

[DEBUG] [05 Nov 2024 00:26:32,915] (ParseDeployerParams.java:printParamMap:5180)
[Deployer][ParamMap] Key = pwd.Value present but not shown.

[DEBUG] [05 Nov 2024 00:26:32,915] (ParseDeployerParams.java:printParamMap:5183)
[Deployer][ParamMap] Key = user Value = Administrator  

[DEBUG] [05 Nov 2024 00:26:32,915] (DeployerServiceUtils.java:printAbout:50)
[Deployer] Entering printAbout(HashMap paramMap) Method

[DEBUG] [05 Nov 2024 00:26:32,932] (DeployerServiceUtils.java:printAbout:58)
[Deployer] Invoking Service wm.server.packages.adminui.packageInfo on Deployer localhost:5557  

[DEBUG] [05 Nov 2024 00:26:32,932] (DeployerServiceUtils.java:printAbout:63)
[Deployer] Service invoked by User Administrator  

[DEBUG] [05 Nov 2024 00:26:32,932] (DeployerServiceUtils.java:printAbout:65)
[Deployer] Parameters to the service 

[DEBUG] [05 Nov 2024 00:26:32,932] (DeployerServiceUtils.java:printAbout:66)
[Deployer] 	 package = WmDeployer

[DEBUG] [05 Nov 2024 00:26:32,932] (DeployerServiceUtils.java:executeService:1484)
[Deployer] Entering executeService(String server, String user, String pwd, String packageStr, String service,IData inputDocument) Method

[DEBUG] [05 Nov 2024 00:26:32,947] (DeployerServiceUtils.java:executeService:1535)
[Deployer] Initiating connection Secure Socket Layer = false

[DEBUG] [05 Nov 2024 00:26:33,025] (DeployerServiceUtils.java:executeService:1537)
[Deployer] Connection Established Secure Socket Layer = false

[DEBUG] [05 Nov 2024 00:26:33,025] (DeployerServiceUtils.java:executeService:1539)
[Deployer] Executing Service wm.server.packages.adminui:packageInfo Secure Socket Layer = false

[DEBUG] [05 Nov 2024 00:26:33,056] (DeployerServiceUtils.java:executeService:1541)
[Deployer] Completed Executing Service wm.server.packages.adminui:packageInfo Secure Socket Layer = false

[DEBUG] [05 Nov 2024 00:26:33,056] (DeployerServiceUtils.java:executeService:1577)
[Deployer] Exiting executeService(String server, String user, String pwd, String packageStr, String service,IData inputDocument) Method

[DEBUG] [05 Nov 2024 00:26:33,056] (DeployerServiceUtils.java:printAbout:84)
[Deployer] Invoking Service wm.dev.util.getServerVersion on Deployer localhost:5557  

[DEBUG] [05 Nov 2024 00:26:33,056] (DeployerServiceUtils.java:printAbout:88)
[Deployer] Service invoked by User Administrator  

[DEBUG] [05 Nov 2024 00:26:33,056] (DeployerServiceUtils.java:printAbout:90)
[Deployer] Parameters to the service

[DEBUG] [05 Nov 2024 00:26:33,072] (DeployerServiceUtils.java:printAbout:91)
[Deployer] 	 None

[DEBUG] [05 Nov 2024 00:26:33,072] (DeployerServiceUtils.java:executeService:1484)
[Deployer] Entering executeService(String server, String user, String pwd, String packageStr, String service,IData inputDocument) Method

[DEBUG] [05 Nov 2024 00:26:33,072] (DeployerServiceUtils.java:executeService:1535)
[Deployer] Initiating connection Secure Socket Layer = false

[DEBUG] [05 Nov 2024 00:26:33,072] (DeployerServiceUtils.java:executeService:1537)
[Deployer] Connection Established Secure Socket Layer = false

[DEBUG] [05 Nov 2024 00:26:33,072] (DeployerServiceUtils.java:executeService:1539)
[Deployer] Executing Service wm.dev.util:getServerVersion Secure Socket Layer = false

[DEBUG] [05 Nov 2024 00:26:33,088] (DeployerServiceUtils.java:executeService:1541)
[Deployer] Completed Executing Service wm.dev.util:getServerVersion Secure Socket Layer = false

[DEBUG] [05 Nov 2024 00:26:33,088] (DeployerServiceUtils.java:executeService:1577)
[Deployer] Exiting executeService(String server, String user, String pwd, String packageStr, String service,IData inputDocument) Method

[DEBUG] [05 Nov 2024 00:26:33,088] (DeployerServiceUtils.java:printAbout:135)
[Deployer Service Status] Service returned with status success

[DEBUG] [05 Nov 2024 00:26:33,088] (DeployerServiceUtils.java:printAbout:136)
[Deployer] Exiting printAbout(HashMap paramMap) Method

[ INFO] [05 Nov 2024 00:26:33,103] (ParseDeployerParams.java:parse:183)
[[DEP.0100.4.00] Success] 

[DEBUG] [05 Nov 2024 00:26:33,103] (ParseDeployerParams.java:addStatusRecordToReport:5157)
[Deployer] Entering addStatusRecordToReport(int errorCode, String message, boolean isUsageRecord) Method

[DEBUG] [05 Nov 2024 00:26:33,103] (ParseDeployerParams.java:addStatusRecordToReport:5168)
[Deployer] Exiting addStatusRecordToReport(int errorCode, String message, boolean isUsageRecord) Method

[DEBUG] [05 Nov 2024 00:29:07,793] (ParseDeployerParams.java:parse:74)
[Deployer] Entering parse(String[] args) Method

[ INFO] [05 Nov 2024 00:29:07,798] (ParseDeployerParams.java:parse:121)
[[DEP.0100.5.56] Operation] [DEP.0100.5.58] Show Usage for all commands

[DEBUG] [05 Nov 2024 00:55:19,082] (ParseDeployerParams.java:parse:74)
[Deployer] Entering parse(String[] args) Method

[ INFO] [05 Nov 2024 00:55:19,098] (ParseDeployerParams.java:parse:1533)
[[DEP.0100.5.56] Operation] [DEP.0100.5.49] Create

[DEBUG] [05 Nov 2024 00:55:19,098] (ParseDeployerParams.java:validateCommandLineParametersForAction:2575)
[Deployer] Entering validateCommandLineParametersForAction(Args arg,	CommandLineParser parser)

[DEBUG] [05 Nov 2024 00:55:19,098] (ParseDeployerParams.java:validateCommandLineParametersForAction:2601)
[Deployer]Config file specified

[DEBUG] [05 Nov 2024 00:55:19,098] (ParseDeployerParams.java:validateCommandLineParametersForAction:2659)
[Deployer][ConfigFileParam] Key = port Value=5557  

[DEBUG] [05 Nov 2024 00:55:19,098] (ParseDeployerParams.java:validateCommandLineParametersForAction:2651)
[Deployer][ConfigFileParam] Key = host Value=localhost  

[DEBUG] [05 Nov 2024 00:55:19,098] (ParseDeployerParams.java:validateCommandLineParametersForAction:2627)
[Deployer][ConfigFileParam] Key = pwd.Password is present but not shown.

[ INFO] [05 Nov 2024 00:55:19,916] (KeyObfuscator.java:decryptAndUnobfuscate:162)
Successfully retrieved the key from the given obfuscated file.

[ INFO] [05 Nov 2024 00:55:19,916] (KeyObfuscator.java:decryptAndUnobfuscate:162)
Successfully retrieved the key from the given obfuscated file.

[DEBUG] [05 Nov 2024 00:55:19,932] (ParseDeployerParams.java:validateCommandLineParametersForAction:2619)
[Deployer][ConfigFileParam] Key = user Value=Administrator  

[DEBUG] [05 Nov 2024 00:55:19,932] (ParseDeployerParams.java:validateCommandLineParametersForAction:2886)
[Deployer] [Param Authentication] 

[DEBUG] [05 Nov 2024 00:55:19,932] (ParseDeployerParams.java:validateCommandLineParametersForAction:2889)
[Deployer] [Config File Parameters]isUserSpecifiedinConfigFile = true

[DEBUG] [05 Nov 2024 00:55:19,932] (ParseDeployerParams.java:validateCommandLineParametersForAction:2892)
[Deployer] [Config File Parameters]isPasswordSpecifiedinConfigFile = true

[DEBUG] [05 Nov 2024 00:55:19,932] (ParseDeployerParams.java:validateCommandLineParametersForAction:2894)
[Deployer] Operation invoked by User Administrator   on Deployer localhost:5557  

[DEBUG] [05 Nov 2024 00:55:19,932] (ParseDeployerParams.java:printParamMap:5183)
[Deployer][ParamMap] Key = port Value = 5557  

[DEBUG] [05 Nov 2024 00:55:19,932] (ParseDeployerParams.java:printParamMap:5183)
[Deployer][ParamMap] Key = host Value = localhost  

[DEBUG] [05 Nov 2024 00:55:19,932] (ParseDeployerParams.java:printParamMap:5183)
[Deployer][ParamMap] Key = action Value = create

[DEBUG] [05 Nov 2024 00:55:19,932] (ParseDeployerParams.java:printParamMap:5180)
[Deployer][ParamMap] Key = pwd.Value present but not shown.

[DEBUG] [05 Nov 2024 00:55:19,932] (ParseDeployerParams.java:printParamMap:5183)
[Deployer][ParamMap] Key = user Value = Administrator  

[ INFO] [05 Nov 2024 00:55:19,932] (ParseDeployerParams.java:validateCommandLineParametersForAction:3458)
[[DEP.0100.5.56] Operation] [DEP.0100.5.12] Create Build

[DEBUG] [05 Nov 2024 00:55:19,932] (ParseDeployerParams.java:validateCommandLineParametersForAction:5150)
[Deployer] Exiting validateCommandLineParametersForAction(Args arg,	CommandLineParser parser)

[DEBUG] [05 Nov 2024 00:55:19,948] (DeployerServiceUtils.java:createAction:392)
[Deployer] Entering createAction(HashMap paramMap) Method

[DEBUG] [05 Nov 2024 00:55:19,948] (DeployerServiceUtils.java:createAction:396)
[Deployer] Invoking Service wm.deployer.UIExtractor.extractSource on Deployer localhost:5557  

[DEBUG] [05 Nov 2024 00:55:19,948] (DeployerServiceUtils.java:createAction:402)
[Deployer] Service invoked by User Administrator  

[DEBUG] [05 Nov 2024 00:55:19,948] (DeployerServiceUtils.java:createAction:404)
[Deployer] Parameters to the service 

[DEBUG] [05 Nov 2024 00:55:19,963] (DeployerServiceUtils.java:createAction:416)
[Deployer] 	projectName = Auto_deploy_test1

[DEBUG] [05 Nov 2024 00:55:19,963] (DeployerServiceUtils.java:createAction:416)
[Deployer] 	buildName = build

[DEBUG] [05 Nov 2024 00:55:19,963] (DeployerServiceUtils.java:createAction:416)
[Deployer] 	reportFilePath = null

[DEBUG] [05 Nov 2024 00:55:19,963] (DeployerServiceUtils.java:executeService:1484)
[Deployer] Entering executeService(String server, String user, String pwd, String packageStr, String service,IData inputDocument) Method

[DEBUG] [05 Nov 2024 00:55:19,979] (DeployerServiceUtils.java:executeService:1535)
[Deployer] Initiating connection Secure Socket Layer = false

[DEBUG] [05 Nov 2024 00:55:20,010] (DeployerServiceUtils.java:executeService:1537)
[Deployer] Connection Established Secure Socket Layer = false

[DEBUG] [05 Nov 2024 00:55:20,010] (DeployerServiceUtils.java:executeService:1539)
[Deployer] Executing Service wm.deployer.UIAuthorization:checkLock  Secure Socket Layer = false

[DEBUG] [05 Nov 2024 00:55:20,010] (DeployerServiceUtils.java:executeService:1541)
[Deployer] Completed Executing Service wm.deployer.UIAuthorization:checkLock  Secure Socket Layer = false

[DEBUG] [05 Nov 2024 00:55:20,010] (DeployerServiceUtils.java:executeService:1577)
[Deployer] Exiting executeService(String server, String user, String pwd, String packageStr, String service,IData inputDocument) Method

[DEBUG] [05 Nov 2024 00:55:20,010] (DeployerServiceUtils.java:createAction:429)
[Deployer] Checking Lock Status of the Project

[DEBUG] [05 Nov 2024 00:55:20,010] (DeployerServiceUtils.java:createAction:438)
[Deployer] User can create 

[DEBUG] [05 Nov 2024 00:55:20,010] (DeployerServiceUtils.java:executeService:1484)
[Deployer] Entering executeService(String server, String user, String pwd, String packageStr, String service,IData inputDocument) Method

[DEBUG] [05 Nov 2024 00:55:20,010] (DeployerServiceUtils.java:executeService:1535)
[Deployer] Initiating connection Secure Socket Layer = false

[DEBUG] [05 Nov 2024 00:55:20,026] (DeployerServiceUtils.java:executeService:1537)
[Deployer] Connection Established Secure Socket Layer = false

[DEBUG] [05 Nov 2024 00:55:20,026] (DeployerServiceUtils.java:executeService:1539)
[Deployer] Executing Service wm.deployer.UIExtractor:extractSource Secure Socket Layer = false

[DEBUG] [05 Nov 2024 00:55:20,860] (DeployerServiceUtils.java:executeService:1541)
[Deployer] Completed Executing Service wm.deployer.UIExtractor:extractSource Secure Socket Layer = false

[DEBUG] [05 Nov 2024 00:55:20,875] (DeployerServiceUtils.java:executeService:1577)
[Deployer] Exiting executeService(String server, String user, String pwd, String packageStr, String service,IData inputDocument) Method

[DEBUG] [05 Nov 2024 00:55:20,875] (DeployerServiceUtils.java:createAction:454)
[Deployer Service Status] Stature returned with status success

[DEBUG] [05 Nov 2024 00:55:20,875] (DeployerServiceUtils.java:createAction:484)
[Deployer] Exiting createAction(HashMap paramMap) Method

[DEBUG] [05 Nov 2024 00:55:20,875] (ParseDeployerParams.java:addStatusRecordToReport:5157)
[Deployer] Entering addStatusRecordToReport(int errorCode, String message, boolean isUsageRecord) Method

[DEBUG] [05 Nov 2024 00:55:20,875] (ParseDeployerParams.java:addStatusRecordToReport:5168)
[Deployer] Exiting addStatusRecordToReport(int errorCode, String message, boolean isUsageRecord) Method

[ INFO] [05 Nov 2024 00:55:20,875] (ParseDeployerParams.java:parse:1550)
[[DEP.0100.4.00] Success0] [DEP.0001.0083] Build build was successfully created

[DEBUG] [05 Nov 2024 00:59:01,398] (ParseDeployerParams.java:parse:74)
[Deployer] Entering parse(String[] args) Method

[DEBUG] [05 Nov 2024 00:59:01,407] (ParseDeployerParams.java:validateCommandLineParametersForAction:2575)
[Deployer] Entering validateCommandLineParametersForAction(Args arg,	CommandLineParser parser)

[DEBUG] [05 Nov 2024 00:59:01,407] (ParseDeployerParams.java:validateCommandLineParametersForAction:2601)
[Deployer]Config file specified

[DEBUG] [05 Nov 2024 00:59:01,408] (ParseDeployerParams.java:validateCommandLineParametersForAction:2659)
[Deployer][ConfigFileParam] Key = port Value=5557  

[DEBUG] [05 Nov 2024 00:59:01,408] (ParseDeployerParams.java:validateCommandLineParametersForAction:2651)
[Deployer][ConfigFileParam] Key = host Value=localhost  

[DEBUG] [05 Nov 2024 00:59:01,408] (ParseDeployerParams.java:validateCommandLineParametersForAction:2627)
[Deployer][ConfigFileParam] Key = pwd.Password is present but not shown.

[ INFO] [05 Nov 2024 00:59:02,107] (KeyObfuscator.java:decryptAndUnobfuscate:162)
Successfully retrieved the key from the given obfuscated file.

[ INFO] [05 Nov 2024 00:59:02,114] (KeyObfuscator.java:decryptAndUnobfuscate:162)
Successfully retrieved the key from the given obfuscated file.

[DEBUG] [05 Nov 2024 00:59:02,124] (ParseDeployerParams.java:validateCommandLineParametersForAction:2619)
[Deployer][ConfigFileParam] Key = user Value=Administrator  

[DEBUG] [05 Nov 2024 00:59:02,125] (ParseDeployerParams.java:validateCommandLineParametersForAction:2886)
[Deployer] [Param Authentication] 

[DEBUG] [05 Nov 2024 00:59:02,125] (ParseDeployerParams.java:validateCommandLineParametersForAction:2889)
[Deployer] [Config File Parameters]isUserSpecifiedinConfigFile = true

[DEBUG] [05 Nov 2024 00:59:02,125] (ParseDeployerParams.java:validateCommandLineParametersForAction:2892)
[Deployer] [Config File Parameters]isPasswordSpecifiedinConfigFile = true

[DEBUG] [05 Nov 2024 00:59:02,136] (ParseDeployerParams.java:validateCommandLineParametersForAction:2894)
[Deployer] Operation invoked by User Administrator   on Deployer localhost:5557  

[DEBUG] [05 Nov 2024 00:59:02,137] (ParseDeployerParams.java:printParamMap:5183)
[Deployer][ParamMap] Key = port Value = 5557  

[DEBUG] [05 Nov 2024 00:59:02,137] (ParseDeployerParams.java:printParamMap:5183)
[Deployer][ParamMap] Key = host Value = localhost  

[DEBUG] [05 Nov 2024 00:59:02,137] (ParseDeployerParams.java:printParamMap:5183)
[Deployer][ParamMap] Key = action Value = list

[DEBUG] [05 Nov 2024 00:59:02,137] (ParseDeployerParams.java:printParamMap:5180)
[Deployer][ParamMap] Key = pwd.Value present but not shown.

[DEBUG] [05 Nov 2024 00:59:02,138] (ParseDeployerParams.java:printParamMap:5183)
[Deployer][ParamMap] Key = user Value = Administrator  

[ INFO] [05 Nov 2024 00:59:02,138] (ParseDeployerParams.java:validateCommandLineParametersForAction:2950)
[[DEP.0100.5.56] Operation] [DEP.0100.5.05] List build

[DEBUG] [05 Nov 2024 00:59:02,139] (ParseDeployerParams.java:validateCommandLineParametersForAction:5150)
[Deployer] Exiting validateCommandLineParametersForAction(Args arg,	CommandLineParser parser)

[DEBUG] [05 Nov 2024 00:59:02,146] (DeployerServiceUtils.java:listAction:142)
[Deployer] Entering listAction(HashMap paramMap) Method

[DEBUG] [05 Nov 2024 00:59:02,146] (DeployerServiceUtils.java:listAction:146)
[Deployer] Invoking Service wm.deployer.gui.UIRelease.listReleases on Deployer localhost:5557  

[DEBUG] [05 Nov 2024 00:59:02,147] (DeployerServiceUtils.java:listAction:152)
[Deployer] Service invoked by User Administrator  

[DEBUG] [05 Nov 2024 00:59:02,147] (DeployerServiceUtils.java:listAction:154)
[Deployer] Parameters to the service 

[DEBUG] [05 Nov 2024 00:59:02,162] (DeployerServiceUtils.java:listAction:166)
[Deployer] 	projectName = Auto_deploy_test1

[DEBUG] [05 Nov 2024 00:59:02,162] (DeployerServiceUtils.java:executeService:1484)
[Deployer] Entering executeService(String server, String user, String pwd, String packageStr, String service,IData inputDocument) Method

[DEBUG] [05 Nov 2024 00:59:02,183] (DeployerServiceUtils.java:executeService:1535)
[Deployer] Initiating connection Secure Socket Layer = false

[DEBUG] [05 Nov 2024 00:59:02,213] (DeployerServiceUtils.java:executeService:1537)
[Deployer] Connection Established Secure Socket Layer = false

[DEBUG] [05 Nov 2024 00:59:02,213] (DeployerServiceUtils.java:executeService:1539)
[Deployer] Executing Service wm.deployer.gui.UIRelease:listReleases Secure Socket Layer = false

[DEBUG] [05 Nov 2024 00:59:02,223] (DeployerServiceUtils.java:executeService:1541)
[Deployer] Completed Executing Service wm.deployer.gui.UIRelease:listReleases Secure Socket Layer = false

[DEBUG] [05 Nov 2024 00:59:02,227] (DeployerServiceUtils.java:executeService:1577)
[Deployer] Exiting executeService(String server, String user, String pwd, String packageStr, String service,IData inputDocument) Method

[DEBUG] [05 Nov 2024 00:59:02,228] (DeployerServiceUtils.java:listAction:212)
[Deployer Service Status] Message = null

[DEBUG] [05 Nov 2024 00:59:02,228] (DeployerServiceUtils.java:listAction:200)
[Deployer Service Status] Service returned with status success

[DEBUG] [05 Nov 2024 00:59:02,228] (DeployerServiceUtils.java:listAction:279)
[Deployer] Exiting listAction(HashMap paramMap) Method

[ INFO] [05 Nov 2024 00:59:02,228] (ParseDeployerParams.java:parse:254)
[[DEP.0100.5.56] Operation] [DEP.0100.5.05] List build

[DEBUG] [05 Nov 2024 00:59:02,229] (DeployerServiceUtils.java:checkAuthorization:1202)
[Deployer] Entering checkAuthorization(HashMap paramMap) Method

[DEBUG] [05 Nov 2024 00:59:02,229] (DeployerServiceUtils.java:checkAuthorization:1206)
[Deployer] Invoking Service wm.deployer.gui.UIRelease.listReleases on Deployer localhost:5557  

[DEBUG] [05 Nov 2024 00:59:02,229] (DeployerServiceUtils.java:checkAuthorization:1211)
[Deployer] Service invoked by User Administrator  

[DEBUG] [05 Nov 2024 00:59:02,229] (DeployerServiceUtils.java:checkAuthorization:1213)
[Deployer] Parameters to the service 

[DEBUG] [05 Nov 2024 00:59:02,230] (DeployerServiceUtils.java:checkAuthorization:1220)
[Deployer] 	 projectName = Auto_deploy_test1

[DEBUG] [05 Nov 2024 00:59:02,231] (DeployerServiceUtils.java:checkAuthorization:1222)
[Deployer] 	 taskName = BUILD

[DEBUG] [05 Nov 2024 00:59:02,231] (DeployerServiceUtils.java:executeService:1484)
[Deployer] Entering executeService(String server, String user, String pwd, String packageStr, String service,IData inputDocument) Method

[DEBUG] [05 Nov 2024 00:59:02,231] (DeployerServiceUtils.java:executeService:1535)
[Deployer] Initiating connection Secure Socket Layer = false

[DEBUG] [05 Nov 2024 00:59:02,235] (DeployerServiceUtils.java:executeService:1537)
[Deployer] Connection Established Secure Socket Layer = false

[DEBUG] [05 Nov 2024 00:59:02,235] (DeployerServiceUtils.java:executeService:1539)
[Deployer] Executing Service wm.deployer.UIAuthorization:isAuthorized Secure Socket Layer = false

[DEBUG] [05 Nov 2024 00:59:02,238] (DeployerServiceUtils.java:executeService:1541)
[Deployer] Completed Executing Service wm.deployer.UIAuthorization:isAuthorized Secure Socket Layer = false

[DEBUG] [05 Nov 2024 00:59:02,241] (DeployerServiceUtils.java:executeService:1577)
[Deployer] Exiting executeService(String server, String user, String pwd, String packageStr, String service,IData inputDocument) Method

[DEBUG] [05 Nov 2024 00:59:02,242] (DeployerServiceUtils.java:checkAuthorization:1247)
[Deployer] Exiting checkAuthorization(HashMap paramMap) Method

[DEBUG] [05 Nov 2024 00:59:02,242] (ParseDeployerParams.java:addStatusRecordToReport:5157)
[Deployer] Entering addStatusRecordToReport(int errorCode, String message, boolean isUsageRecord) Method

[DEBUG] [05 Nov 2024 00:59:02,242] (ParseDeployerParams.java:addStatusRecordToReport:5168)
[Deployer] Exiting addStatusRecordToReport(int errorCode, String message, boolean isUsageRecord) Method

[ INFO] [05 Nov 2024 00:59:02,243] (ParseDeployerParams.java:parse:514)
[[DEP.0100.4.00] Success0] 

[DEBUG] [05 Nov 2024 00:59:46,473] (ParseDeployerParams.java:parse:74)
[Deployer] Entering parse(String[] args) Method

[ INFO] [05 Nov 2024 00:59:46,483] (ParseDeployerParams.java:parse:1278)
[[DEP.0100.5.56] Operation] [DEP.0100.5.53] Describe

[DEBUG] [05 Nov 2024 00:59:46,484] (ParseDeployerParams.java:validateCommandLineParametersForAction:2575)
[Deployer] Entering validateCommandLineParametersForAction(Args arg,	CommandLineParser parser)

[DEBUG] [05 Nov 2024 00:59:46,484] (ParseDeployerParams.java:validateCommandLineParametersForAction:2601)
[Deployer]Config file specified

[DEBUG] [05 Nov 2024 00:59:46,485] (ParseDeployerParams.java:validateCommandLineParametersForAction:2659)
[Deployer][ConfigFileParam] Key = port Value=5557  

[DEBUG] [05 Nov 2024 00:59:46,485] (ParseDeployerParams.java:validateCommandLineParametersForAction:2651)
[Deployer][ConfigFileParam] Key = host Value=localhost  

[DEBUG] [05 Nov 2024 00:59:46,485] (ParseDeployerParams.java:validateCommandLineParametersForAction:2627)
[Deployer][ConfigFileParam] Key = pwd.Password is present but not shown.

[ INFO] [05 Nov 2024 00:59:47,278] (KeyObfuscator.java:decryptAndUnobfuscate:162)
Successfully retrieved the key from the given obfuscated file.

[ INFO] [05 Nov 2024 00:59:47,285] (KeyObfuscator.java:decryptAndUnobfuscate:162)
Successfully retrieved the key from the given obfuscated file.

[DEBUG] [05 Nov 2024 00:59:47,294] (ParseDeployerParams.java:validateCommandLineParametersForAction:2619)
[Deployer][ConfigFileParam] Key = user Value=Administrator  

[DEBUG] [05 Nov 2024 00:59:47,295] (ParseDeployerParams.java:validateCommandLineParametersForAction:2886)
[Deployer] [Param Authentication] 

[DEBUG] [05 Nov 2024 00:59:47,295] (ParseDeployerParams.java:validateCommandLineParametersForAction:2889)
[Deployer] [Config File Parameters]isUserSpecifiedinConfigFile = true

[DEBUG] [05 Nov 2024 00:59:47,296] (ParseDeployerParams.java:validateCommandLineParametersForAction:2892)
[Deployer] [Config File Parameters]isPasswordSpecifiedinConfigFile = true

[DEBUG] [05 Nov 2024 00:59:47,302] (ParseDeployerParams.java:validateCommandLineParametersForAction:2894)
[Deployer] Operation invoked by User Administrator   on Deployer localhost:5557  

[DEBUG] [05 Nov 2024 00:59:47,303] (ParseDeployerParams.java:printParamMap:5183)
[Deployer][ParamMap] Key = port Value = 5557  

[DEBUG] [05 Nov 2024 00:59:47,303] (ParseDeployerParams.java:printParamMap:5183)
[Deployer][ParamMap] Key = host Value = localhost  

[DEBUG] [05 Nov 2024 00:59:47,304] (ParseDeployerParams.java:printParamMap:5183)
[Deployer][ParamMap] Key = action Value = describe

[DEBUG] [05 Nov 2024 00:59:47,304] (ParseDeployerParams.java:printParamMap:5180)
[Deployer][ParamMap] Key = pwd.Value present but not shown.

[DEBUG] [05 Nov 2024 00:59:47,304] (ParseDeployerParams.java:printParamMap:5183)
[Deployer][ParamMap] Key = user Value = Administrator  

[ INFO] [05 Nov 2024 00:59:47,305] (ParseDeployerParams.java:validateCommandLineParametersForAction:4488)
[[DEP.0100.5.56] Operation] [DEP.0100.5.27] Describe Build

[DEBUG] [05 Nov 2024 00:59:47,305] (ParseDeployerParams.java:validateCommandLineParametersForAction:5150)
[Deployer] Exiting validateCommandLineParametersForAction(Args arg,	CommandLineParser parser)

[DEBUG] [05 Nov 2024 00:59:47,311] (DeployerServiceUtils.java:describeAction:813)
[Deployer] Entering describeAction(HashMap paramMap) Method

[DEBUG] [05 Nov 2024 00:59:47,311] (DeployerServiceUtils.java:describeAction:816)
[Deployer] Invoking Service wm.deployer.gui.UIReplicate.describeBuild on Deployer localhost:5557  

[DEBUG] [05 Nov 2024 00:59:47,312] (DeployerServiceUtils.java:describeAction:821)
[Deployer] Service invoked by User Administrator  

[DEBUG] [05 Nov 2024 00:59:47,312] (DeployerServiceUtils.java:describeAction:823)
[Deployer] Parameters to the service 

[DEBUG] [05 Nov 2024 00:59:47,326] (DeployerServiceUtils.java:describeAction:835)
[Deployer] 	projectName = Auto_deploy_test1

[DEBUG] [05 Nov 2024 00:59:47,326] (DeployerServiceUtils.java:describeAction:835)
[Deployer] 	buildName = build

[DEBUG] [05 Nov 2024 00:59:47,327] (DeployerServiceUtils.java:describeAction:835)
[Deployer] 	describeType = build

[DEBUG] [05 Nov 2024 00:59:47,327] (DeployerServiceUtils.java:executeService:1484)
[Deployer] Entering executeService(String server, String user, String pwd, String packageStr, String service,IData inputDocument) Method

[DEBUG] [05 Nov 2024 00:59:47,345] (DeployerServiceUtils.java:executeService:1535)
[Deployer] Initiating connection Secure Socket Layer = false

[DEBUG] [05 Nov 2024 00:59:47,375] (DeployerServiceUtils.java:executeService:1537)
[Deployer] Connection Established Secure Socket Layer = false

[DEBUG] [05 Nov 2024 00:59:47,375] (DeployerServiceUtils.java:executeService:1539)
[Deployer] Executing Service wm.deployer.gui.UIReplicate:describeBuild Secure Socket Layer = false

[DEBUG] [05 Nov 2024 00:59:47,409] (DeployerServiceUtils.java:executeService:1541)
[Deployer] Completed Executing Service wm.deployer.gui.UIReplicate:describeBuild Secure Socket Layer = false

[DEBUG] [05 Nov 2024 00:59:47,414] (DeployerServiceUtils.java:executeService:1577)
[Deployer] Exiting executeService(String server, String user, String pwd, String packageStr, String service,IData inputDocument) Method

[DEBUG] [05 Nov 2024 00:59:47,415] (DeployerServiceUtils.java:describeAction:886)
[Deployer Service Status] Stature returned with status success

[DEBUG] [05 Nov 2024 00:59:47,416] (DeployerServiceUtils.java:describeAction:900)
[Deployer Service Status] Message = Success

[DEBUG] [05 Nov 2024 00:59:47,420] (ParseDeployerParams.java:addStatusRecordToReport:5157)
[Deployer] Entering addStatusRecordToReport(int errorCode, String message, boolean isUsageRecord) Method

[DEBUG] [05 Nov 2024 00:59:47,421] (ParseDeployerParams.java:addStatusRecordToReport:5168)
[Deployer] Exiting addStatusRecordToReport(int errorCode, String message, boolean isUsageRecord) Method

[ INFO] [05 Nov 2024 00:59:47,423] (ParseDeployerParams.java:parse:1499)
[[DEP.0100.4.00] Success0] Success

[DEBUG] [05 Nov 2024 01:02:42,832] (ParseDeployerParams.java:parse:74)
[Deployer] Entering parse(String[] args) Method

[ INFO] [05 Nov 2024 01:02:42,838] (ParseDeployerParams.java:parse:1278)
[[DEP.0100.5.56] Operation] [DEP.0100.5.53] Describe

[DEBUG] [05 Nov 2024 01:02:42,839] (ParseDeployerParams.java:validateCommandLineParametersForAction:2575)
[Deployer] Entering validateCommandLineParametersForAction(Args arg,	CommandLineParser parser)

[DEBUG] [05 Nov 2024 01:02:42,839] (ParseDeployerParams.java:validateCommandLineParametersForAction:2601)
[Deployer]Config file specified

[DEBUG] [05 Nov 2024 01:02:42,844] (ParseDeployerParams.java:validateCommandLineParametersForAction:2659)
[Deployer][ConfigFileParam] Key = port Value=5557  

[DEBUG] [05 Nov 2024 01:02:42,844] (ParseDeployerParams.java:validateCommandLineParametersForAction:2651)
[Deployer][ConfigFileParam] Key = host Value=localhost  

[DEBUG] [05 Nov 2024 01:02:42,845] (ParseDeployerParams.java:validateCommandLineParametersForAction:2627)
[Deployer][ConfigFileParam] Key = pwd.Password is present but not shown.

[ INFO] [05 Nov 2024 01:02:43,598] (KeyObfuscator.java:decryptAndUnobfuscate:162)
Successfully retrieved the key from the given obfuscated file.

[ INFO] [05 Nov 2024 01:02:43,616] (KeyObfuscator.java:decryptAndUnobfuscate:162)
Successfully retrieved the key from the given obfuscated file.

[DEBUG] [05 Nov 2024 01:02:43,625] (ParseDeployerParams.java:validateCommandLineParametersForAction:2619)
[Deployer][ConfigFileParam] Key = user Value=Administrator  

[DEBUG] [05 Nov 2024 01:02:43,625] (ParseDeployerParams.java:validateCommandLineParametersForAction:2886)
[Deployer] [Param Authentication] 

[DEBUG] [05 Nov 2024 01:02:43,626] (ParseDeployerParams.java:validateCommandLineParametersForAction:2889)
[Deployer] [Config File Parameters]isUserSpecifiedinConfigFile = true

[DEBUG] [05 Nov 2024 01:02:43,626] (ParseDeployerParams.java:validateCommandLineParametersForAction:2892)
[Deployer] [Config File Parameters]isPasswordSpecifiedinConfigFile = true

[DEBUG] [05 Nov 2024 01:02:43,634] (ParseDeployerParams.java:validateCommandLineParametersForAction:2894)
[Deployer] Operation invoked by User Administrator   on Deployer localhost:5557  

[DEBUG] [05 Nov 2024 01:02:43,634] (ParseDeployerParams.java:printParamMap:5183)
[Deployer][ParamMap] Key = port Value = 5557  

[DEBUG] [05 Nov 2024 01:02:43,635] (ParseDeployerParams.java:printParamMap:5183)
[Deployer][ParamMap] Key = host Value = localhost  

[DEBUG] [05 Nov 2024 01:02:43,635] (ParseDeployerParams.java:printParamMap:5183)
[Deployer][ParamMap] Key = action Value = describe

[DEBUG] [05 Nov 2024 01:02:43,635] (ParseDeployerParams.java:printParamMap:5180)
[Deployer][ParamMap] Key = pwd.Value present but not shown.

[DEBUG] [05 Nov 2024 01:02:43,636] (ParseDeployerParams.java:printParamMap:5183)
[Deployer][ParamMap] Key = user Value = Administrator  

[ INFO] [05 Nov 2024 01:02:43,636] (ParseDeployerParams.java:validateCommandLineParametersForAction:4488)
[[DEP.0100.5.56] Operation] [DEP.0100.5.27] Describe Build

[DEBUG] [05 Nov 2024 01:02:43,636] (ParseDeployerParams.java:validateCommandLineParametersForAction:5150)
[Deployer] Exiting validateCommandLineParametersForAction(Args arg,	CommandLineParser parser)

[DEBUG] [05 Nov 2024 01:02:43,640] (DeployerServiceUtils.java:describeAction:813)
[Deployer] Entering describeAction(HashMap paramMap) Method

[DEBUG] [05 Nov 2024 01:02:43,641] (DeployerServiceUtils.java:describeAction:816)
[Deployer] Invoking Service wm.deployer.gui.UIReplicate.describeBuild on Deployer localhost:5557  

[DEBUG] [05 Nov 2024 01:02:43,641] (DeployerServiceUtils.java:describeAction:821)
[Deployer] Service invoked by User Administrator  

[DEBUG] [05 Nov 2024 01:02:43,641] (DeployerServiceUtils.java:describeAction:823)
[Deployer] Parameters to the service 

[DEBUG] [05 Nov 2024 01:02:43,645] (DeployerServiceUtils.java:describeAction:835)
[Deployer] 	projectName = Auto_deploy_test1

[DEBUG] [05 Nov 2024 01:02:43,646] (DeployerServiceUtils.java:describeAction:835)
[Deployer] 	buildName = build

[DEBUG] [05 Nov 2024 01:02:43,646] (DeployerServiceUtils.java:describeAction:835)
[Deployer] 	describeType = build

[DEBUG] [05 Nov 2024 01:02:43,646] (DeployerServiceUtils.java:executeService:1484)
[Deployer] Entering executeService(String server, String user, String pwd, String packageStr, String service,IData inputDocument) Method

[DEBUG] [05 Nov 2024 01:02:43,661] (DeployerServiceUtils.java:executeService:1535)
[Deployer] Initiating connection Secure Socket Layer = false

[DEBUG] [05 Nov 2024 01:02:43,698] (DeployerServiceUtils.java:executeService:1537)
[Deployer] Connection Established Secure Socket Layer = false

[DEBUG] [05 Nov 2024 01:02:43,699] (DeployerServiceUtils.java:executeService:1539)
[Deployer] Executing Service wm.deployer.gui.UIReplicate:describeBuild Secure Socket Layer = false

[DEBUG] [05 Nov 2024 01:02:43,707] (DeployerServiceUtils.java:executeService:1541)
[Deployer] Completed Executing Service wm.deployer.gui.UIReplicate:describeBuild Secure Socket Layer = false

[DEBUG] [05 Nov 2024 01:02:43,711] (DeployerServiceUtils.java:executeService:1577)
[Deployer] Exiting executeService(String server, String user, String pwd, String packageStr, String service,IData inputDocument) Method

[DEBUG] [05 Nov 2024 01:02:43,711] (DeployerServiceUtils.java:describeAction:886)
[Deployer Service Status] Stature returned with status success

[DEBUG] [05 Nov 2024 01:02:43,711] (DeployerServiceUtils.java:describeAction:900)
[Deployer Service Status] Message = Success

[DEBUG] [05 Nov 2024 01:02:43,712] (ParseDeployerParams.java:addStatusRecordToReport:5157)
[Deployer] Entering addStatusRecordToReport(int errorCode, String message, boolean isUsageRecord) Method

[DEBUG] [05 Nov 2024 01:02:43,712] (ParseDeployerParams.java:addStatusRecordToReport:5168)
[Deployer] Exiting addStatusRecordToReport(int errorCode, String message, boolean isUsageRecord) Method

[ INFO] [05 Nov 2024 01:02:43,713] (ParseDeployerParams.java:parse:1499)
[[DEP.0100.4.00] Success0] Success

[DEBUG] [05 Nov 2024 01:13:47,439] (ParseDeployerParams.java:parse:74)
[Deployer] Entering parse(String[] args) Method

[ INFO] [05 Nov 2024 01:13:47,447] (ParseDeployerParams.java:parse:1745)
[[DEP.0100.5.56] Operation] [DEP.0100.5.51] Import

[DEBUG] [05 Nov 2024 01:13:47,447] (ParseDeployerParams.java:validateCommandLineParametersForAction:2575)
[Deployer] Entering validateCommandLineParametersForAction(Args arg,	CommandLineParser parser)

[DEBUG] [05 Nov 2024 01:13:47,448] (ParseDeployerParams.java:validateCommandLineParametersForAction:2601)
[Deployer]Config file specified

[DEBUG] [05 Nov 2024 01:13:47,448] (ParseDeployerParams.java:validateCommandLineParametersForAction:2659)
[Deployer][ConfigFileParam] Key = port Value=5557  

[DEBUG] [05 Nov 2024 01:13:47,448] (ParseDeployerParams.java:validateCommandLineParametersForAction:2651)
[Deployer][ConfigFileParam] Key = host Value=localhost  

[DEBUG] [05 Nov 2024 01:13:47,448] (ParseDeployerParams.java:validateCommandLineParametersForAction:2627)
[Deployer][ConfigFileParam] Key = pwd.Password is present but not shown.

[ INFO] [05 Nov 2024 01:13:48,156] (KeyObfuscator.java:decryptAndUnobfuscate:162)
Successfully retrieved the key from the given obfuscated file.

[ INFO] [05 Nov 2024 01:13:48,164] (KeyObfuscator.java:decryptAndUnobfuscate:162)
Successfully retrieved the key from the given obfuscated file.

[DEBUG] [05 Nov 2024 01:13:48,176] (ParseDeployerParams.java:validateCommandLineParametersForAction:2619)
[Deployer][ConfigFileParam] Key = user Value=Administrator  

[DEBUG] [05 Nov 2024 01:13:48,176] (ParseDeployerParams.java:validateCommandLineParametersForAction:2886)
[Deployer] [Param Authentication] 

[DEBUG] [05 Nov 2024 01:13:48,177] (ParseDeployerParams.java:validateCommandLineParametersForAction:2889)
[Deployer] [Config File Parameters]isUserSpecifiedinConfigFile = true

[DEBUG] [05 Nov 2024 01:13:48,177] (ParseDeployerParams.java:validateCommandLineParametersForAction:2892)
[Deployer] [Config File Parameters]isPasswordSpecifiedinConfigFile = true

[DEBUG] [05 Nov 2024 01:13:48,186] (ParseDeployerParams.java:validateCommandLineParametersForAction:2894)
[Deployer] Operation invoked by User Administrator   on Deployer localhost:5557  

[DEBUG] [05 Nov 2024 01:13:48,187] (ParseDeployerParams.java:printParamMap:5183)
[Deployer][ParamMap] Key = port Value = 5557  

[DEBUG] [05 Nov 2024 01:13:48,187] (ParseDeployerParams.java:printParamMap:5183)
[Deployer][ParamMap] Key = host Value = localhost  

[DEBUG] [05 Nov 2024 01:13:48,187] (ParseDeployerParams.java:printParamMap:5183)
[Deployer][ParamMap] Key = action Value = import

[DEBUG] [05 Nov 2024 01:13:48,188] (ParseDeployerParams.java:printParamMap:5180)
[Deployer][ParamMap] Key = pwd.Value present but not shown.

[DEBUG] [05 Nov 2024 01:13:48,188] (ParseDeployerParams.java:printParamMap:5183)
[Deployer][ParamMap] Key = user Value = Administrator  

[ INFO] [05 Nov 2024 01:13:48,188] (ParseDeployerParams.java:validateCommandLineParametersForAction:4597)
[[DEP.0100.5.56] Operation] [DEP.0100.5.18] Import Build

[DEBUG] [05 Nov 2024 01:13:48,190] (ParseDeployerParams.java:validateCommandLineParametersForAction:5150)
[Deployer] Exiting validateCommandLineParametersForAction(Args arg,	CommandLineParser parser)

[DEBUG] [05 Nov 2024 01:13:48,197] (DeployerServiceUtils.java:importAction:564)
[Deployer] Entering importAction(HashMap paramMap) Method

[DEBUG] [05 Nov 2024 01:13:48,197] (DeployerServiceUtils.java:importAction:567)
[Deployer] Invoking Service wm.deployer.gui.UIReplicate.importBuild on Deployer localhost:5557  

[DEBUG] [05 Nov 2024 01:13:48,197] (DeployerServiceUtils.java:importAction:573)
[Deployer] Service invoked by User Administrator  

[DEBUG] [05 Nov 2024 01:13:48,198] (DeployerServiceUtils.java:importAction:575)
[Deployer] Parameters to the service 

[DEBUG] [05 Nov 2024 01:13:48,210] (DeployerServiceUtils.java:importAction:587)
[Deployer] 	buildName = Auto_deploy_test1_ExportedBuild_build

[DEBUG] [05 Nov 2024 01:13:48,211] (DeployerServiceUtils.java:executeService:1484)
[Deployer] Entering executeService(String server, String user, String pwd, String packageStr, String service,IData inputDocument) Method

[DEBUG] [05 Nov 2024 01:13:48,227] (DeployerServiceUtils.java:executeService:1535)
[Deployer] Initiating connection Secure Socket Layer = false

[DEBUG] [05 Nov 2024 01:13:48,254] (DeployerServiceUtils.java:executeService:1537)
[Deployer] Connection Established Secure Socket Layer = false

[DEBUG] [05 Nov 2024 01:13:48,254] (DeployerServiceUtils.java:executeService:1539)
[Deployer] Executing Service wm.deployer.gui.UIReplicate:importBuild Secure Socket Layer = false

[DEBUG] [05 Nov 2024 01:13:48,365] (DeployerServiceUtils.java:executeService:1541)
[Deployer] Completed Executing Service wm.deployer.gui.UIReplicate:importBuild Secure Socket Layer = false

[DEBUG] [05 Nov 2024 01:13:48,370] (DeployerServiceUtils.java:executeService:1577)
[Deployer] Exiting executeService(String server, String user, String pwd, String packageStr, String service,IData inputDocument) Method

[DEBUG] [05 Nov 2024 01:13:48,370] (DeployerServiceUtils.java:importAction:607)
[Deployer Service Status] Stature returned with status success

[DEBUG] [05 Nov 2024 01:13:48,370] (DeployerServiceUtils.java:importAction:621)
[Deployer Service Status] Message = [DEP.0002.0056] Build "Auto_deploy_test1_ExportedBuild_build" was successfully imported for project "Auto_deploy_test1".

[DEBUG] [05 Nov 2024 01:13:48,370] (DeployerServiceUtils.java:importAction:651)
[Deployer] Exiting importAction(HashMap paramMap) Method

[DEBUG] [05 Nov 2024 01:13:48,370] (ParseDeployerParams.java:addStatusRecordToReport:5157)
[Deployer] Entering addStatusRecordToReport(int errorCode, String message, boolean isUsageRecord) Method

[DEBUG] [05 Nov 2024 01:13:48,372] (ParseDeployerParams.java:addStatusRecordToReport:5168)
[Deployer] Exiting addStatusRecordToReport(int errorCode, String message, boolean isUsageRecord) Method

[ INFO] [05 Nov 2024 01:13:48,372] (ParseDeployerParams.java:parse:1761)
[[DEP.0100.4.00] Success0] [DEP.0002.0056] Build "Auto_deploy_test1_ExportedBuild_build" was successfully imported for project "Auto_deploy_test1".

[DEBUG] [05 Nov 2024 01:15:16,384] (ParseDeployerParams.java:parse:74)
[Deployer] Entering parse(String[] args) Method

[ INFO] [05 Nov 2024 01:15:16,399] (ParseDeployerParams.java:parse:1745)
[[DEP.0100.5.56] Operation] [DEP.0100.5.51] Import

[DEBUG] [05 Nov 2024 01:15:16,399] (ParseDeployerParams.java:validateCommandLineParametersForAction:2575)
[Deployer] Entering validateCommandLineParametersForAction(Args arg,	CommandLineParser parser)

[DEBUG] [05 Nov 2024 01:15:16,399] (ParseDeployerParams.java:validateCommandLineParametersForAction:2601)
[Deployer]Config file specified

[DEBUG] [05 Nov 2024 01:15:16,399] (ParseDeployerParams.java:validateCommandLineParametersForAction:2659)
[Deployer][ConfigFileParam] Key = port Value=5557  

[DEBUG] [05 Nov 2024 01:15:16,399] (ParseDeployerParams.java:validateCommandLineParametersForAction:2651)
[Deployer][ConfigFileParam] Key = host Value=localhost  

[DEBUG] [05 Nov 2024 01:15:16,399] (ParseDeployerParams.java:validateCommandLineParametersForAction:2627)
[Deployer][ConfigFileParam] Key = pwd.Password is present but not shown.

[ INFO] [05 Nov 2024 01:15:17,195] (KeyObfuscator.java:decryptAndUnobfuscate:162)
Successfully retrieved the key from the given obfuscated file.

[ INFO] [05 Nov 2024 01:15:17,195] (KeyObfuscator.java:decryptAndUnobfuscate:162)
Successfully retrieved the key from the given obfuscated file.

[DEBUG] [05 Nov 2024 01:15:17,212] (ParseDeployerParams.java:validateCommandLineParametersForAction:2619)
[Deployer][ConfigFileParam] Key = user Value=Administrator  

[DEBUG] [05 Nov 2024 01:15:17,212] (ParseDeployerParams.java:validateCommandLineParametersForAction:2886)
[Deployer] [Param Authentication] 

[DEBUG] [05 Nov 2024 01:15:17,212] (ParseDeployerParams.java:validateCommandLineParametersForAction:2889)
[Deployer] [Config File Parameters]isUserSpecifiedinConfigFile = true

[DEBUG] [05 Nov 2024 01:15:17,212] (ParseDeployerParams.java:validateCommandLineParametersForAction:2892)
[Deployer] [Config File Parameters]isPasswordSpecifiedinConfigFile = true

[DEBUG] [05 Nov 2024 01:15:17,226] (ParseDeployerParams.java:validateCommandLineParametersForAction:2894)
[Deployer] Operation invoked by User Administrator   on Deployer localhost:5557  

[DEBUG] [05 Nov 2024 01:15:17,226] (ParseDeployerParams.java:printParamMap:5183)
[Deployer][ParamMap] Key = port Value = 5557  

[DEBUG] [05 Nov 2024 01:15:17,226] (ParseDeployerParams.java:printParamMap:5183)
[Deployer][ParamMap] Key = host Value = localhost  

[DEBUG] [05 Nov 2024 01:15:17,226] (ParseDeployerParams.java:printParamMap:5183)
[Deployer][ParamMap] Key = action Value = import

[DEBUG] [05 Nov 2024 01:15:17,226] (ParseDeployerParams.java:printParamMap:5180)
[Deployer][ParamMap] Key = pwd.Value present but not shown.

[DEBUG] [05 Nov 2024 01:15:17,226] (ParseDeployerParams.java:printParamMap:5183)
[Deployer][ParamMap] Key = user Value = Administrator  

[ INFO] [05 Nov 2024 01:15:17,226] (ParseDeployerParams.java:validateCommandLineParametersForAction:4597)
[[DEP.0100.5.56] Operation] [DEP.0100.5.18] Import Build

[DEBUG] [05 Nov 2024 01:15:17,226] (ParseDeployerParams.java:validateCommandLineParametersForAction:5150)
[Deployer] Exiting validateCommandLineParametersForAction(Args arg,	CommandLineParser parser)

[DEBUG] [05 Nov 2024 01:15:17,226] (DeployerServiceUtils.java:importAction:564)
[Deployer] Entering importAction(HashMap paramMap) Method

[DEBUG] [05 Nov 2024 01:15:17,226] (DeployerServiceUtils.java:importAction:567)
[Deployer] Invoking Service wm.deployer.gui.UIReplicate.importBuild on Deployer localhost:5557  

[DEBUG] [05 Nov 2024 01:15:17,226] (DeployerServiceUtils.java:importAction:573)
[Deployer] Service invoked by User Administrator  

[DEBUG] [05 Nov 2024 01:15:17,226] (DeployerServiceUtils.java:importAction:575)
[Deployer] Parameters to the service 

[DEBUG] [05 Nov 2024 01:15:17,242] (DeployerServiceUtils.java:importAction:587)
[Deployer] 	buildName = Auto_deploy_test1_ExportedBuild_build

[DEBUG] [05 Nov 2024 01:15:17,242] (DeployerServiceUtils.java:executeService:1484)
[Deployer] Entering executeService(String server, String user, String pwd, String packageStr, String service,IData inputDocument) Method

[DEBUG] [05 Nov 2024 01:15:17,274] (DeployerServiceUtils.java:executeService:1535)
[Deployer] Initiating connection Secure Socket Layer = false

[DEBUG] [05 Nov 2024 01:15:17,312] (DeployerServiceUtils.java:executeService:1537)
[Deployer] Connection Established Secure Socket Layer = false

[DEBUG] [05 Nov 2024 01:15:17,312] (DeployerServiceUtils.java:executeService:1539)
[Deployer] Executing Service wm.deployer.gui.UIReplicate:importBuild Secure Socket Layer = false

[DEBUG] [05 Nov 2024 01:15:17,333] (DeployerServiceUtils.java:executeService:1541)
[Deployer] Completed Executing Service wm.deployer.gui.UIReplicate:importBuild Secure Socket Layer = false

[DEBUG] [05 Nov 2024 01:15:17,337] (DeployerServiceUtils.java:executeService:1577)
[Deployer] Exiting executeService(String server, String user, String pwd, String packageStr, String service,IData inputDocument) Method

[DEBUG] [05 Nov 2024 01:15:17,337] (DeployerServiceUtils.java:importAction:607)
[Deployer Service Status] Stature returned with status success

[DEBUG] [05 Nov 2024 01:15:17,337] (DeployerServiceUtils.java:importAction:621)
[Deployer Service Status] Message = [DEP.0002.0056] Build "Auto_deploy_test1_ExportedBuild_build" was successfully imported for project "Auto_deploy_test1".

[DEBUG] [05 Nov 2024 01:15:17,337] (DeployerServiceUtils.java:importAction:651)
[Deployer] Exiting importAction(HashMap paramMap) Method

[DEBUG] [05 Nov 2024 01:15:17,338] (ParseDeployerParams.java:addStatusRecordToReport:5157)
[Deployer] Entering addStatusRecordToReport(int errorCode, String message, boolean isUsageRecord) Method

[DEBUG] [05 Nov 2024 01:15:17,339] (ParseDeployerParams.java:addStatusRecordToReport:5168)
[Deployer] Exiting addStatusRecordToReport(int errorCode, String message, boolean isUsageRecord) Method

[ INFO] [05 Nov 2024 01:15:17,339] (ParseDeployerParams.java:parse:1761)
[[DEP.0100.4.00] Success0] [DEP.0002.0056] Build "Auto_deploy_test1_ExportedBuild_build" was successfully imported for project "Auto_deploy_test1".

[DEBUG] [05 Nov 2024 01:16:21,480] (ParseDeployerParams.java:parse:74)
[Deployer] Entering parse(String[] args) Method

[ INFO] [05 Nov 2024 01:16:21,490] (ParseDeployerParams.java:parse:1745)
[[DEP.0100.5.56] Operation] [DEP.0100.5.51] Import

[DEBUG] [05 Nov 2024 01:16:21,490] (ParseDeployerParams.java:validateCommandLineParametersForAction:2575)
[Deployer] Entering validateCommandLineParametersForAction(Args arg,	CommandLineParser parser)

[DEBUG] [05 Nov 2024 01:16:21,496] (ParseDeployerParams.java:validateCommandLineParametersForAction:2601)
[Deployer]Config file specified

[DEBUG] [05 Nov 2024 01:16:21,496] (ParseDeployerParams.java:validateCommandLineParametersForAction:2659)
[Deployer][ConfigFileParam] Key = port Value=5557  

[DEBUG] [05 Nov 2024 01:16:21,496] (ParseDeployerParams.java:validateCommandLineParametersForAction:2651)
[Deployer][ConfigFileParam] Key = host Value=localhost  

[DEBUG] [05 Nov 2024 01:16:21,496] (ParseDeployerParams.java:validateCommandLineParametersForAction:2627)
[Deployer][ConfigFileParam] Key = pwd.Password is present but not shown.

[ INFO] [05 Nov 2024 01:16:22,220] (KeyObfuscator.java:decryptAndUnobfuscate:162)
Successfully retrieved the key from the given obfuscated file.

[ INFO] [05 Nov 2024 01:16:22,220] (KeyObfuscator.java:decryptAndUnobfuscate:162)
Successfully retrieved the key from the given obfuscated file.

[DEBUG] [05 Nov 2024 01:16:22,235] (ParseDeployerParams.java:validateCommandLineParametersForAction:2619)
[Deployer][ConfigFileParam] Key = user Value=Administrator  

[DEBUG] [05 Nov 2024 01:16:22,235] (ParseDeployerParams.java:validateCommandLineParametersForAction:2886)
[Deployer] [Param Authentication] 

[DEBUG] [05 Nov 2024 01:16:22,235] (ParseDeployerParams.java:validateCommandLineParametersForAction:2889)
[Deployer] [Config File Parameters]isUserSpecifiedinConfigFile = true

[DEBUG] [05 Nov 2024 01:16:22,235] (ParseDeployerParams.java:validateCommandLineParametersForAction:2892)
[Deployer] [Config File Parameters]isPasswordSpecifiedinConfigFile = true

[DEBUG] [05 Nov 2024 01:16:22,251] (ParseDeployerParams.java:validateCommandLineParametersForAction:2894)
[Deployer] Operation invoked by User Administrator   on Deployer localhost:5557  

[DEBUG] [05 Nov 2024 01:16:22,251] (ParseDeployerParams.java:printParamMap:5183)
[Deployer][ParamMap] Key = port Value = 5557  

[DEBUG] [05 Nov 2024 01:16:22,251] (ParseDeployerParams.java:printParamMap:5183)
[Deployer][ParamMap] Key = host Value = localhost  

[DEBUG] [05 Nov 2024 01:16:22,251] (ParseDeployerParams.java:printParamMap:5183)
[Deployer][ParamMap] Key = action Value = import

[DEBUG] [05 Nov 2024 01:16:22,251] (ParseDeployerParams.java:printParamMap:5180)
[Deployer][ParamMap] Key = pwd.Value present but not shown.

[DEBUG] [05 Nov 2024 01:16:22,251] (ParseDeployerParams.java:printParamMap:5183)
[Deployer][ParamMap] Key = user Value = Administrator  

[ INFO] [05 Nov 2024 01:16:22,251] (ParseDeployerParams.java:validateCommandLineParametersForAction:4597)
[[DEP.0100.5.56] Operation] [DEP.0100.5.18] Import Build

[DEBUG] [05 Nov 2024 01:16:22,251] (ParseDeployerParams.java:validateCommandLineParametersForAction:5150)
[Deployer] Exiting validateCommandLineParametersForAction(Args arg,	CommandLineParser parser)

[DEBUG] [05 Nov 2024 01:16:22,251] (DeployerServiceUtils.java:importAction:564)
[Deployer] Entering importAction(HashMap paramMap) Method

[DEBUG] [05 Nov 2024 01:16:22,251] (DeployerServiceUtils.java:importAction:567)
[Deployer] Invoking Service wm.deployer.gui.UIReplicate.importBuild on Deployer localhost:5557  

[DEBUG] [05 Nov 2024 01:16:22,251] (DeployerServiceUtils.java:importAction:573)
[Deployer] Service invoked by User Administrator  

[DEBUG] [05 Nov 2024 01:16:22,267] (DeployerServiceUtils.java:importAction:575)
[Deployer] Parameters to the service 

[DEBUG] [05 Nov 2024 01:16:22,267] (DeployerServiceUtils.java:importAction:587)
[Deployer] 	buildName = Auto_deploy_test1_ExportedBuild_build

[DEBUG] [05 Nov 2024 01:16:22,267] (DeployerServiceUtils.java:executeService:1484)
[Deployer] Entering executeService(String server, String user, String pwd, String packageStr, String service,IData inputDocument) Method

[DEBUG] [05 Nov 2024 01:16:22,292] (DeployerServiceUtils.java:executeService:1535)
[Deployer] Initiating connection Secure Socket Layer = false

[DEBUG] [05 Nov 2024 01:16:22,314] (DeployerServiceUtils.java:executeService:1537)
[Deployer] Connection Established Secure Socket Layer = false

[DEBUG] [05 Nov 2024 01:16:22,314] (DeployerServiceUtils.java:executeService:1539)
[Deployer] Executing Service wm.deployer.gui.UIReplicate:importBuild Secure Socket Layer = false

[DEBUG] [05 Nov 2024 01:16:22,330] (DeployerServiceUtils.java:executeService:1541)
[Deployer] Completed Executing Service wm.deployer.gui.UIReplicate:importBuild Secure Socket Layer = false

[DEBUG] [05 Nov 2024 01:16:22,345] (DeployerServiceUtils.java:executeService:1577)
[Deployer] Exiting executeService(String server, String user, String pwd, String packageStr, String service,IData inputDocument) Method

[DEBUG] [05 Nov 2024 01:16:22,345] (DeployerServiceUtils.java:importAction:607)
[Deployer Service Status] Stature returned with status success

[DEBUG] [05 Nov 2024 01:16:22,345] (DeployerServiceUtils.java:importAction:621)
[Deployer Service Status] Message = [DEP.0002.0056] Build "Auto_deploy_test1_ExportedBuild_build" was successfully imported for project "Auto_deploy_test1".

[DEBUG] [05 Nov 2024 01:16:22,345] (DeployerServiceUtils.java:importAction:651)
[Deployer] Exiting importAction(HashMap paramMap) Method

[DEBUG] [05 Nov 2024 01:16:22,345] (ParseDeployerParams.java:addStatusRecordToReport:5157)
[Deployer] Entering addStatusRecordToReport(int errorCode, String message, boolean isUsageRecord) Method

[DEBUG] [05 Nov 2024 01:16:22,345] (ParseDeployerParams.java:addStatusRecordToReport:5168)
[Deployer] Exiting addStatusRecordToReport(int errorCode, String message, boolean isUsageRecord) Method

[ INFO] [05 Nov 2024 01:16:22,345] (ParseDeployerParams.java:parse:1761)
[[DEP.0100.4.00] Success0] [DEP.0002.0056] Build "Auto_deploy_test1_ExportedBuild_build" was successfully imported for project "Auto_deploy_test1".

[DEBUG] [05 Nov 2024 01:17:39,613] (ParseDeployerParams.java:parse:74)
[Deployer] Entering parse(String[] args) Method

[ INFO] [05 Nov 2024 01:17:39,629] (ParseDeployerParams.java:parse:1745)
[[DEP.0100.5.56] Operation] [DEP.0100.5.51] Import

[DEBUG] [05 Nov 2024 01:17:39,629] (ParseDeployerParams.java:validateCommandLineParametersForAction:2575)
[Deployer] Entering validateCommandLineParametersForAction(Args arg,	CommandLineParser parser)

[DEBUG] [05 Nov 2024 01:17:39,629] (ParseDeployerParams.java:validateCommandLineParametersForAction:2601)
[Deployer]Config file specified

[DEBUG] [05 Nov 2024 01:17:39,629] (ParseDeployerParams.java:validateCommandLineParametersForAction:2659)
[Deployer][ConfigFileParam] Key = port Value=5557  

[DEBUG] [05 Nov 2024 01:17:39,629] (ParseDeployerParams.java:validateCommandLineParametersForAction:2651)
[Deployer][ConfigFileParam] Key = host Value=localhost  

[DEBUG] [05 Nov 2024 01:17:39,629] (ParseDeployerParams.java:validateCommandLineParametersForAction:2627)
[Deployer][ConfigFileParam] Key = pwd.Password is present but not shown.

[ INFO] [05 Nov 2024 01:17:40,400] (KeyObfuscator.java:decryptAndUnobfuscate:162)
Successfully retrieved the key from the given obfuscated file.

[ INFO] [05 Nov 2024 01:17:40,416] (KeyObfuscator.java:decryptAndUnobfuscate:162)
Successfully retrieved the key from the given obfuscated file.

[DEBUG] [05 Nov 2024 01:17:40,432] (ParseDeployerParams.java:validateCommandLineParametersForAction:2619)
[Deployer][ConfigFileParam] Key = user Value=Administrator  

[DEBUG] [05 Nov 2024 01:17:40,432] (ParseDeployerParams.java:validateCommandLineParametersForAction:2886)
[Deployer] [Param Authentication] 

[DEBUG] [05 Nov 2024 01:17:40,432] (ParseDeployerParams.java:validateCommandLineParametersForAction:2889)
[Deployer] [Config File Parameters]isUserSpecifiedinConfigFile = true

[DEBUG] [05 Nov 2024 01:17:40,432] (ParseDeployerParams.java:validateCommandLineParametersForAction:2892)
[Deployer] [Config File Parameters]isPasswordSpecifiedinConfigFile = true

[DEBUG] [05 Nov 2024 01:17:40,432] (ParseDeployerParams.java:validateCommandLineParametersForAction:2894)
[Deployer] Operation invoked by User Administrator   on Deployer localhost:5557  

[DEBUG] [05 Nov 2024 01:17:40,432] (ParseDeployerParams.java:printParamMap:5183)
[Deployer][ParamMap] Key = port Value = 5557  

[DEBUG] [05 Nov 2024 01:17:40,432] (ParseDeployerParams.java:printParamMap:5183)
[Deployer][ParamMap] Key = host Value = localhost  

[DEBUG] [05 Nov 2024 01:17:40,432] (ParseDeployerParams.java:printParamMap:5183)
[Deployer][ParamMap] Key = action Value = import

[DEBUG] [05 Nov 2024 01:17:40,432] (ParseDeployerParams.java:printParamMap:5180)
[Deployer][ParamMap] Key = pwd.Value present but not shown.

[DEBUG] [05 Nov 2024 01:17:40,432] (ParseDeployerParams.java:printParamMap:5183)
[Deployer][ParamMap] Key = user Value = Administrator  

[ INFO] [05 Nov 2024 01:17:40,432] (ParseDeployerParams.java:validateCommandLineParametersForAction:4597)
[[DEP.0100.5.56] Operation] [DEP.0100.5.18] Import Build

[DEBUG] [05 Nov 2024 01:17:40,447] (ParseDeployerParams.java:validateCommandLineParametersForAction:5150)
[Deployer] Exiting validateCommandLineParametersForAction(Args arg,	CommandLineParser parser)

[DEBUG] [05 Nov 2024 01:17:40,447] (DeployerServiceUtils.java:importAction:564)
[Deployer] Entering importAction(HashMap paramMap) Method

[DEBUG] [05 Nov 2024 01:17:40,447] (DeployerServiceUtils.java:importAction:567)
[Deployer] Invoking Service wm.deployer.gui.UIReplicate.importBuild on Deployer localhost:5557  

[DEBUG] [05 Nov 2024 01:17:40,447] (DeployerServiceUtils.java:importAction:573)
[Deployer] Service invoked by User Administrator  

[DEBUG] [05 Nov 2024 01:17:40,447] (DeployerServiceUtils.java:importAction:575)
[Deployer] Parameters to the service 

[DEBUG] [05 Nov 2024 01:17:40,463] (DeployerServiceUtils.java:importAction:587)
[Deployer] 	buildName = Auto_deploy_test1_ExportedBuild_build

[DEBUG] [05 Nov 2024 01:17:40,463] (DeployerServiceUtils.java:executeService:1484)
[Deployer] Entering executeService(String server, String user, String pwd, String packageStr, String service,IData inputDocument) Method

[DEBUG] [05 Nov 2024 01:17:40,479] (DeployerServiceUtils.java:executeService:1535)
[Deployer] Initiating connection Secure Socket Layer = false

[DEBUG] [05 Nov 2024 01:17:40,527] (DeployerServiceUtils.java:executeService:1537)
[Deployer] Connection Established Secure Socket Layer = false

[DEBUG] [05 Nov 2024 01:17:40,527] (DeployerServiceUtils.java:executeService:1539)
[Deployer] Executing Service wm.deployer.gui.UIReplicate:importBuild Secure Socket Layer = false

[DEBUG] [05 Nov 2024 01:17:40,542] (DeployerServiceUtils.java:executeService:1541)
[Deployer] Completed Executing Service wm.deployer.gui.UIReplicate:importBuild Secure Socket Layer = false

[DEBUG] [05 Nov 2024 01:17:40,558] (DeployerServiceUtils.java:executeService:1577)
[Deployer] Exiting executeService(String server, String user, String pwd, String packageStr, String service,IData inputDocument) Method

[DEBUG] [05 Nov 2024 01:17:40,558] (DeployerServiceUtils.java:importAction:607)
[Deployer Service Status] Stature returned with status success

[DEBUG] [05 Nov 2024 01:17:40,558] (DeployerServiceUtils.java:importAction:621)
[Deployer Service Status] Message = [DEP.0002.0056] Build "Auto_deploy_test1_ExportedBuild_build" was successfully imported for project "Auto_deploy_test1".

[DEBUG] [05 Nov 2024 01:17:40,558] (DeployerServiceUtils.java:importAction:651)
[Deployer] Exiting importAction(HashMap paramMap) Method

[DEBUG] [05 Nov 2024 01:17:40,558] (ParseDeployerParams.java:addStatusRecordToReport:5157)
[Deployer] Entering addStatusRecordToReport(int errorCode, String message, boolean isUsageRecord) Method

[DEBUG] [05 Nov 2024 01:17:40,558] (ParseDeployerParams.java:addStatusRecordToReport:5168)
[Deployer] Exiting addStatusRecordToReport(int errorCode, String message, boolean isUsageRecord) Method

[ INFO] [05 Nov 2024 01:17:40,558] (ParseDeployerParams.java:parse:1761)
[[DEP.0100.4.00] Success0] [DEP.0002.0056] Build "Auto_deploy_test1_ExportedBuild_build" was successfully imported for project "Auto_deploy_test1".

[DEBUG] [05 Nov 2024 01:20:26,183] (ParseDeployerParams.java:parse:74)
[Deployer] Entering parse(String[] args) Method

[ INFO] [05 Nov 2024 01:20:26,191] (ParseDeployerParams.java:parse:1745)
[[DEP.0100.5.56] Operation] [DEP.0100.5.51] Import

[DEBUG] [05 Nov 2024 01:20:26,191] (ParseDeployerParams.java:validateCommandLineParametersForAction:2575)
[Deployer] Entering validateCommandLineParametersForAction(Args arg,	CommandLineParser parser)

[DEBUG] [05 Nov 2024 01:20:26,191] (ParseDeployerParams.java:validateCommandLineParametersForAction:2601)
[Deployer]Config file specified

[DEBUG] [05 Nov 2024 01:20:26,192] (ParseDeployerParams.java:validateCommandLineParametersForAction:2659)
[Deployer][ConfigFileParam] Key = port Value=5557  

[DEBUG] [05 Nov 2024 01:20:26,192] (ParseDeployerParams.java:validateCommandLineParametersForAction:2651)
[Deployer][ConfigFileParam] Key = host Value=localhost  

[DEBUG] [05 Nov 2024 01:20:26,192] (ParseDeployerParams.java:validateCommandLineParametersForAction:2627)
[Deployer][ConfigFileParam] Key = pwd.Password is present but not shown.

[ INFO] [05 Nov 2024 01:20:26,993] (KeyObfuscator.java:decryptAndUnobfuscate:162)
Successfully retrieved the key from the given obfuscated file.

[ INFO] [05 Nov 2024 01:20:27,001] (KeyObfuscator.java:decryptAndUnobfuscate:162)
Successfully retrieved the key from the given obfuscated file.

[DEBUG] [05 Nov 2024 01:20:27,012] (ParseDeployerParams.java:validateCommandLineParametersForAction:2619)
[Deployer][ConfigFileParam] Key = user Value=Administrator  

[DEBUG] [05 Nov 2024 01:20:27,013] (ParseDeployerParams.java:validateCommandLineParametersForAction:2886)
[Deployer] [Param Authentication] 

[DEBUG] [05 Nov 2024 01:20:27,013] (ParseDeployerParams.java:validateCommandLineParametersForAction:2889)
[Deployer] [Config File Parameters]isUserSpecifiedinConfigFile = true

[DEBUG] [05 Nov 2024 01:20:27,013] (ParseDeployerParams.java:validateCommandLineParametersForAction:2892)
[Deployer] [Config File Parameters]isPasswordSpecifiedinConfigFile = true

[DEBUG] [05 Nov 2024 01:20:27,024] (ParseDeployerParams.java:validateCommandLineParametersForAction:2894)
[Deployer] Operation invoked by User Administrator   on Deployer localhost:5557  

[DEBUG] [05 Nov 2024 01:20:27,024] (ParseDeployerParams.java:printParamMap:5183)
[Deployer][ParamMap] Key = port Value = 5557  

[DEBUG] [05 Nov 2024 01:20:27,024] (ParseDeployerParams.java:printParamMap:5183)
[Deployer][ParamMap] Key = host Value = localhost  

[DEBUG] [05 Nov 2024 01:20:27,025] (ParseDeployerParams.java:printParamMap:5183)
[Deployer][ParamMap] Key = action Value = import

[DEBUG] [05 Nov 2024 01:20:27,025] (ParseDeployerParams.java:printParamMap:5180)
[Deployer][ParamMap] Key = pwd.Value present but not shown.

[DEBUG] [05 Nov 2024 01:20:27,025] (ParseDeployerParams.java:printParamMap:5183)
[Deployer][ParamMap] Key = user Value = Administrator  

[ INFO] [05 Nov 2024 01:20:27,026] (ParseDeployerParams.java:validateCommandLineParametersForAction:4597)
[[DEP.0100.5.56] Operation] [DEP.0100.5.18] Import Build

[DEBUG] [05 Nov 2024 01:20:27,026] (ParseDeployerParams.java:validateCommandLineParametersForAction:5150)
[Deployer] Exiting validateCommandLineParametersForAction(Args arg,	CommandLineParser parser)

[DEBUG] [05 Nov 2024 01:20:27,033] (DeployerServiceUtils.java:importAction:564)
[Deployer] Entering importAction(HashMap paramMap) Method

[DEBUG] [05 Nov 2024 01:20:27,034] (DeployerServiceUtils.java:importAction:567)
[Deployer] Invoking Service wm.deployer.gui.UIReplicate.importBuild on Deployer localhost:5557  

[DEBUG] [05 Nov 2024 01:20:27,034] (DeployerServiceUtils.java:importAction:573)
[Deployer] Service invoked by User Administrator  

[DEBUG] [05 Nov 2024 01:20:27,034] (DeployerServiceUtils.java:importAction:575)
[Deployer] Parameters to the service 

[DEBUG] [05 Nov 2024 01:20:27,045] (DeployerServiceUtils.java:importAction:587)
[Deployer] 	buildName = ..\replicate\inbound\Auto_deploy_test1_ExportedBuild_build

[DEBUG] [05 Nov 2024 01:20:27,045] (DeployerServiceUtils.java:executeService:1484)
[Deployer] Entering executeService(String server, String user, String pwd, String packageStr, String service,IData inputDocument) Method

[DEBUG] [05 Nov 2024 01:20:27,063] (DeployerServiceUtils.java:executeService:1535)
[Deployer] Initiating connection Secure Socket Layer = false

[DEBUG] [05 Nov 2024 01:20:27,096] (DeployerServiceUtils.java:executeService:1537)
[Deployer] Connection Established Secure Socket Layer = false

[DEBUG] [05 Nov 2024 01:20:27,096] (DeployerServiceUtils.java:executeService:1539)
[Deployer] Executing Service wm.deployer.gui.UIReplicate:importBuild Secure Socket Layer = false

[DEBUG] [05 Nov 2024 01:20:27,100] (DeployerServiceUtils.java:executeService:1541)
[Deployer] Completed Executing Service wm.deployer.gui.UIReplicate:importBuild Secure Socket Layer = false

[DEBUG] [05 Nov 2024 01:20:27,103] (DeployerServiceUtils.java:executeService:1577)
[Deployer] Exiting executeService(String server, String user, String pwd, String packageStr, String service,IData inputDocument) Method

[DEBUG] [05 Nov 2024 01:20:27,104] (DeployerServiceUtils.java:importAction:617)
[Deployer Service Status] Stature returned with status error

[DEBUG] [05 Nov 2024 01:20:27,104] (DeployerServiceUtils.java:importAction:621)
[Deployer Service Status] Message = [DEP.0002.0059] The Deployer import map file C:\SoftwareAG1011Designer\IntegrationServer\instances\default\packages\WmDeployer\replicate\inbound\..\replicate\inbound\Auto_deploy_test1_ExportedBuild_build is not accessible or does not exist.

[DEBUG] [05 Nov 2024 01:20:27,104] (DeployerServiceUtils.java:importAction:651)
[Deployer] Exiting importAction(HashMap paramMap) Method

[DEBUG] [05 Nov 2024 01:20:27,105] (ParseDeployerParams.java:addStatusRecordToReport:5157)
[Deployer] Entering addStatusRecordToReport(int errorCode, String message, boolean isUsageRecord) Method

[DEBUG] [05 Nov 2024 01:20:27,105] (ParseDeployerParams.java:addStatusRecordToReport:5168)
[Deployer] Exiting addStatusRecordToReport(int errorCode, String message, boolean isUsageRecord) Method

[ INFO] [05 Nov 2024 01:20:27,106] (ParseDeployerParams.java:parse:1768)
[[DEP.0100.4.01] Error -999][DEP.0100.-999] Service Error [DEP.0002.0059] The Deployer import map file C:\SoftwareAG1011Designer\IntegrationServer\instances\default\packages\WmDeployer\replicate\inbound\..\replicate\inbound\Auto_deploy_test1_ExportedBuild_build is not accessible or does not exist.

[DEBUG] [05 Nov 2024 01:22:05,404] (ParseDeployerParams.java:parse:74)
[Deployer] Entering parse(String[] args) Method

[ INFO] [05 Nov 2024 01:22:05,419] (ParseDeployerParams.java:parse:1745)
[[DEP.0100.5.56] Operation] [DEP.0100.5.51] Import

[DEBUG] [05 Nov 2024 01:22:05,419] (ParseDeployerParams.java:validateCommandLineParametersForAction:2575)
[Deployer] Entering validateCommandLineParametersForAction(Args arg,	CommandLineParser parser)

[DEBUG] [05 Nov 2024 01:22:05,419] (ParseDeployerParams.java:validateCommandLineParametersForAction:2601)
[Deployer]Config file specified

[DEBUG] [05 Nov 2024 01:22:05,419] (ParseDeployerParams.java:validateCommandLineParametersForAction:2659)
[Deployer][ConfigFileParam] Key = port Value=5557  

[DEBUG] [05 Nov 2024 01:22:05,419] (ParseDeployerParams.java:validateCommandLineParametersForAction:2651)
[Deployer][ConfigFileParam] Key = host Value=localhost  

[DEBUG] [05 Nov 2024 01:22:05,419] (ParseDeployerParams.java:validateCommandLineParametersForAction:2627)
[Deployer][ConfigFileParam] Key = pwd.Password is present but not shown.

[ INFO] [05 Nov 2024 01:22:06,111] (KeyObfuscator.java:decryptAndUnobfuscate:162)
Successfully retrieved the key from the given obfuscated file.

[ INFO] [05 Nov 2024 01:22:06,127] (KeyObfuscator.java:decryptAndUnobfuscate:162)
Successfully retrieved the key from the given obfuscated file.

[DEBUG] [05 Nov 2024 01:22:06,127] (ParseDeployerParams.java:validateCommandLineParametersForAction:2619)
[Deployer][ConfigFileParam] Key = user Value=Administrator  

[DEBUG] [05 Nov 2024 01:22:06,127] (ParseDeployerParams.java:validateCommandLineParametersForAction:2886)
[Deployer] [Param Authentication] 

[DEBUG] [05 Nov 2024 01:22:06,127] (ParseDeployerParams.java:validateCommandLineParametersForAction:2889)
[Deployer] [Config File Parameters]isUserSpecifiedinConfigFile = true

[DEBUG] [05 Nov 2024 01:22:06,142] (ParseDeployerParams.java:validateCommandLineParametersForAction:2892)
[Deployer] [Config File Parameters]isPasswordSpecifiedinConfigFile = true

[DEBUG] [05 Nov 2024 01:22:06,142] (ParseDeployerParams.java:validateCommandLineParametersForAction:2894)
[Deployer] Operation invoked by User Administrator   on Deployer localhost:5557  

[DEBUG] [05 Nov 2024 01:22:06,142] (ParseDeployerParams.java:printParamMap:5183)
[Deployer][ParamMap] Key = port Value = 5557  

[DEBUG] [05 Nov 2024 01:22:06,142] (ParseDeployerParams.java:printParamMap:5183)
[Deployer][ParamMap] Key = host Value = localhost  

[DEBUG] [05 Nov 2024 01:22:06,142] (ParseDeployerParams.java:printParamMap:5183)
[Deployer][ParamMap] Key = action Value = import

[DEBUG] [05 Nov 2024 01:22:06,142] (ParseDeployerParams.java:printParamMap:5180)
[Deployer][ParamMap] Key = pwd.Value present but not shown.

[DEBUG] [05 Nov 2024 01:22:06,142] (ParseDeployerParams.java:printParamMap:5183)
[Deployer][ParamMap] Key = user Value = Administrator  

[ INFO] [05 Nov 2024 01:22:06,142] (ParseDeployerParams.java:validateCommandLineParametersForAction:4597)
[[DEP.0100.5.56] Operation] [DEP.0100.5.18] Import Build

[DEBUG] [05 Nov 2024 01:22:06,142] (ParseDeployerParams.java:validateCommandLineParametersForAction:5150)
[Deployer] Exiting validateCommandLineParametersForAction(Args arg,	CommandLineParser parser)

[DEBUG] [05 Nov 2024 01:22:06,161] (DeployerServiceUtils.java:importAction:564)
[Deployer] Entering importAction(HashMap paramMap) Method

[DEBUG] [05 Nov 2024 01:22:06,161] (DeployerServiceUtils.java:importAction:567)
[Deployer] Invoking Service wm.deployer.gui.UIReplicate.importBuild on Deployer localhost:5557  

[DEBUG] [05 Nov 2024 01:22:06,161] (DeployerServiceUtils.java:importAction:573)
[Deployer] Service invoked by User Administrator  

[DEBUG] [05 Nov 2024 01:22:06,161] (DeployerServiceUtils.java:importAction:575)
[Deployer] Parameters to the service 

[DEBUG] [05 Nov 2024 01:22:06,174] (DeployerServiceUtils.java:importAction:587)
[Deployer] 	buildName = Auto_deploy_test1_ExportedBuild_build

[DEBUG] [05 Nov 2024 01:22:06,174] (DeployerServiceUtils.java:executeService:1484)
[Deployer] Entering executeService(String server, String user, String pwd, String packageStr, String service,IData inputDocument) Method

[DEBUG] [05 Nov 2024 01:22:06,190] (DeployerServiceUtils.java:executeService:1535)
[Deployer] Initiating connection Secure Socket Layer = false

[DEBUG] [05 Nov 2024 01:22:06,221] (DeployerServiceUtils.java:executeService:1537)
[Deployer] Connection Established Secure Socket Layer = false

[DEBUG] [05 Nov 2024 01:22:06,221] (DeployerServiceUtils.java:executeService:1539)
[Deployer] Executing Service wm.deployer.gui.UIReplicate:importBuild Secure Socket Layer = false

[DEBUG] [05 Nov 2024 01:22:06,262] (DeployerServiceUtils.java:executeService:1541)
[Deployer] Completed Executing Service wm.deployer.gui.UIReplicate:importBuild Secure Socket Layer = false

[DEBUG] [05 Nov 2024 01:22:06,268] (DeployerServiceUtils.java:executeService:1577)
[Deployer] Exiting executeService(String server, String user, String pwd, String packageStr, String service,IData inputDocument) Method

[DEBUG] [05 Nov 2024 01:22:06,268] (DeployerServiceUtils.java:importAction:607)
[Deployer Service Status] Stature returned with status success

[DEBUG] [05 Nov 2024 01:22:06,268] (DeployerServiceUtils.java:importAction:621)
[Deployer Service Status] Message = [DEP.0002.0056] Build "Auto_deploy_test1_ExportedBuild_build" was successfully imported for project "Auto_deploy_test1".

[DEBUG] [05 Nov 2024 01:22:06,268] (DeployerServiceUtils.java:importAction:651)
[Deployer] Exiting importAction(HashMap paramMap) Method

[DEBUG] [05 Nov 2024 01:22:06,268] (ParseDeployerParams.java:addStatusRecordToReport:5157)
[Deployer] Entering addStatusRecordToReport(int errorCode, String message, boolean isUsageRecord) Method

[DEBUG] [05 Nov 2024 01:22:06,268] (ParseDeployerParams.java:addStatusRecordToReport:5168)
[Deployer] Exiting addStatusRecordToReport(int errorCode, String message, boolean isUsageRecord) Method

[ INFO] [05 Nov 2024 01:22:06,268] (ParseDeployerParams.java:parse:1761)
[[DEP.0100.4.00] Success0] [DEP.0002.0056] Build "Auto_deploy_test1_ExportedBuild_build" was successfully imported for project "Auto_deploy_test1".

[DEBUG] [05 Nov 2024 01:23:16,813] (ParseDeployerParams.java:parse:74)
[Deployer] Entering parse(String[] args) Method

[ INFO] [05 Nov 2024 01:23:16,829] (ParseDeployerParams.java:parse:1745)
[[DEP.0100.5.56] Operation] [DEP.0100.5.51] Import

[DEBUG] [05 Nov 2024 01:23:16,829] (ParseDeployerParams.java:validateCommandLineParametersForAction:2575)
[Deployer] Entering validateCommandLineParametersForAction(Args arg,	CommandLineParser parser)

[DEBUG] [05 Nov 2024 01:23:16,829] (ParseDeployerParams.java:validateCommandLineParametersForAction:2601)
[Deployer]Config file specified

[DEBUG] [05 Nov 2024 01:23:16,829] (ParseDeployerParams.java:validateCommandLineParametersForAction:2659)
[Deployer][ConfigFileParam] Key = port Value=5557  

[DEBUG] [05 Nov 2024 01:23:16,829] (ParseDeployerParams.java:validateCommandLineParametersForAction:2651)
[Deployer][ConfigFileParam] Key = host Value=localhost  

[DEBUG] [05 Nov 2024 01:23:16,829] (ParseDeployerParams.java:validateCommandLineParametersForAction:2627)
[Deployer][ConfigFileParam] Key = pwd.Password is present but not shown.

[ INFO] [05 Nov 2024 01:23:17,536] (KeyObfuscator.java:decryptAndUnobfuscate:162)
Successfully retrieved the key from the given obfuscated file.

[ INFO] [05 Nov 2024 01:23:17,536] (KeyObfuscator.java:decryptAndUnobfuscate:162)
Successfully retrieved the key from the given obfuscated file.

[DEBUG] [05 Nov 2024 01:23:17,551] (ParseDeployerParams.java:validateCommandLineParametersForAction:2619)
[Deployer][ConfigFileParam] Key = user Value=Administrator  

[DEBUG] [05 Nov 2024 01:23:17,551] (ParseDeployerParams.java:validateCommandLineParametersForAction:2886)
[Deployer] [Param Authentication] 

[DEBUG] [05 Nov 2024 01:23:17,551] (ParseDeployerParams.java:validateCommandLineParametersForAction:2889)
[Deployer] [Config File Parameters]isUserSpecifiedinConfigFile = true

[DEBUG] [05 Nov 2024 01:23:17,551] (ParseDeployerParams.java:validateCommandLineParametersForAction:2892)
[Deployer] [Config File Parameters]isPasswordSpecifiedinConfigFile = true

[DEBUG] [05 Nov 2024 01:23:17,567] (ParseDeployerParams.java:validateCommandLineParametersForAction:2894)
[Deployer] Operation invoked by User Administrator   on Deployer localhost:5557  

[DEBUG] [05 Nov 2024 01:23:17,567] (ParseDeployerParams.java:printParamMap:5183)
[Deployer][ParamMap] Key = port Value = 5557  

[DEBUG] [05 Nov 2024 01:23:17,567] (ParseDeployerParams.java:printParamMap:5183)
[Deployer][ParamMap] Key = host Value = localhost  

[DEBUG] [05 Nov 2024 01:23:17,567] (ParseDeployerParams.java:printParamMap:5183)
[Deployer][ParamMap] Key = action Value = import

[DEBUG] [05 Nov 2024 01:23:17,567] (ParseDeployerParams.java:printParamMap:5180)
[Deployer][ParamMap] Key = pwd.Value present but not shown.

[DEBUG] [05 Nov 2024 01:23:17,567] (ParseDeployerParams.java:printParamMap:5183)
[Deployer][ParamMap] Key = user Value = Administrator  

[ INFO] [05 Nov 2024 01:23:17,567] (ParseDeployerParams.java:validateCommandLineParametersForAction:4597)
[[DEP.0100.5.56] Operation] [DEP.0100.5.18] Import Build

[DEBUG] [05 Nov 2024 01:23:17,567] (ParseDeployerParams.java:validateCommandLineParametersForAction:5150)
[Deployer] Exiting validateCommandLineParametersForAction(Args arg,	CommandLineParser parser)

[DEBUG] [05 Nov 2024 01:23:17,567] (DeployerServiceUtils.java:importAction:564)
[Deployer] Entering importAction(HashMap paramMap) Method

[DEBUG] [05 Nov 2024 01:23:17,583] (DeployerServiceUtils.java:importAction:567)
[Deployer] Invoking Service wm.deployer.gui.UIReplicate.importBuild on Deployer localhost:5557  

[DEBUG] [05 Nov 2024 01:23:17,583] (DeployerServiceUtils.java:importAction:573)
[Deployer] Service invoked by User Administrator  

[DEBUG] [05 Nov 2024 01:23:17,583] (DeployerServiceUtils.java:importAction:575)
[Deployer] Parameters to the service 

[DEBUG] [05 Nov 2024 01:23:17,592] (DeployerServiceUtils.java:importAction:587)
[Deployer] 	buildName = Auto_deploy_test1_ExportedBuild_build

[DEBUG] [05 Nov 2024 01:23:17,592] (DeployerServiceUtils.java:executeService:1484)
[Deployer] Entering executeService(String server, String user, String pwd, String packageStr, String service,IData inputDocument) Method

[DEBUG] [05 Nov 2024 01:23:17,614] (DeployerServiceUtils.java:executeService:1535)
[Deployer] Initiating connection Secure Socket Layer = false

[DEBUG] [05 Nov 2024 01:23:17,646] (DeployerServiceUtils.java:executeService:1537)
[Deployer] Connection Established Secure Socket Layer = false

[DEBUG] [05 Nov 2024 01:23:17,646] (DeployerServiceUtils.java:executeService:1539)
[Deployer] Executing Service wm.deployer.gui.UIReplicate:importBuild Secure Socket Layer = false

[DEBUG] [05 Nov 2024 01:23:17,771] (DeployerServiceUtils.java:executeService:1541)
[Deployer] Completed Executing Service wm.deployer.gui.UIReplicate:importBuild Secure Socket Layer = false

[DEBUG] [05 Nov 2024 01:23:17,771] (DeployerServiceUtils.java:executeService:1577)
[Deployer] Exiting executeService(String server, String user, String pwd, String packageStr, String service,IData inputDocument) Method

[DEBUG] [05 Nov 2024 01:23:17,771] (DeployerServiceUtils.java:importAction:607)
[Deployer Service Status] Stature returned with status success

[DEBUG] [05 Nov 2024 01:23:17,771] (DeployerServiceUtils.java:importAction:621)
[Deployer Service Status] Message = [DEP.0002.0056] Build "Auto_deploy_test1_ExportedBuild_build" was successfully imported for project "Auto_deploy_test1".

[DEBUG] [05 Nov 2024 01:23:17,771] (DeployerServiceUtils.java:importAction:651)
[Deployer] Exiting importAction(HashMap paramMap) Method

[DEBUG] [05 Nov 2024 01:23:17,786] (ParseDeployerParams.java:addStatusRecordToReport:5157)
[Deployer] Entering addStatusRecordToReport(int errorCode, String message, boolean isUsageRecord) Method

[DEBUG] [05 Nov 2024 01:23:17,786] (ParseDeployerParams.java:addStatusRecordToReport:5168)
[Deployer] Exiting addStatusRecordToReport(int errorCode, String message, boolean isUsageRecord) Method

[ INFO] [05 Nov 2024 01:23:17,786] (ParseDeployerParams.java:parse:1761)
[[DEP.0100.4.00] Success0] [DEP.0002.0056] Build "Auto_deploy_test1_ExportedBuild_build" was successfully imported for project "Auto_deploy_test1".

